2023-04-09 10:50:20,797 INFO [restartedMain] c.n.CommunityApplication [StartupInfoLogger.java:55] Starting CommunityApplication using Java 1.8.0_351 on LAPTOP-LBLPVU7N with PID 928 (D:\hjj\idea\SpringBoot\community\target\classes started by 87068 in D:\hjj\idea\SpringBoot\community)
2023-04-09 10:50:20,801 INFO [restartedMain] c.n.CommunityApplication [SpringApplication.java:631] No active profile set, falling back to 1 default profile: "default"
2023-04-09 10:50:20,845 INFO [restartedMain] o.s.b.d.e.DevToolsPropertyDefaultsPostProcessor [DeferredLog.java:255] Devtools property defaults active! Set 'spring.devtools.add-properties' to 'false' to disable
2023-04-09 10:50:20,845 INFO [restartedMain] o.s.b.d.e.DevToolsPropertyDefaultsPostProcessor [DeferredLog.java:255] For additional web related logging consider setting the 'logging.level.web' property to 'DEBUG'
2023-04-09 10:50:22,050 INFO [restartedMain] o.s.b.w.e.t.TomcatWebServer [TomcatWebServer.java:108] Tomcat initialized with port(s): 8080 (http)
2023-04-09 10:50:22,057 INFO [restartedMain] o.a.c.h.Http11NioProtocol [DirectJDKLog.java:173] Initializing ProtocolHandler ["http-nio-8080"]
2023-04-09 10:50:22,058 INFO [restartedMain] o.a.c.c.StandardService [DirectJDKLog.java:173] Starting service [Tomcat]
2023-04-09 10:50:22,058 INFO [restartedMain] o.a.c.c.StandardEngine [DirectJDKLog.java:173] Starting Servlet engine: [Apache Tomcat/9.0.73]
2023-04-09 10:50:22,131 INFO [restartedMain] o.a.c.c.C.[.[.[/community] [DirectJDKLog.java:173] Initializing Spring embedded WebApplicationContext
2023-04-09 10:50:22,131 INFO [restartedMain] o.s.b.w.s.c.ServletWebServerApplicationContext [ServletWebServerApplicationContext.java:292] Root WebApplicationContext: initialization completed in 1285 ms
2023-04-09 10:50:22,647 INFO [restartedMain] o.s.b.a.w.s.WelcomePageHandlerMapping [WelcomePageHandlerMapping.java:57] Adding welcome page template: index
2023-04-09 10:50:22,785 INFO [restartedMain] o.s.b.d.a.OptionalLiveReloadServer [OptionalLiveReloadServer.java:59] LiveReload server is running on port 35729
2023-04-09 10:50:22,800 INFO [restartedMain] o.a.c.h.Http11NioProtocol [DirectJDKLog.java:173] Starting ProtocolHandler ["http-nio-8080"]
2023-04-09 10:50:22,813 INFO [restartedMain] o.s.b.w.e.t.TomcatWebServer [TomcatWebServer.java:220] Tomcat started on port(s): 8080 (http) with context path '/community'
2023-04-09 10:50:22,822 INFO [restartedMain] c.n.CommunityApplication [StartupInfoLogger.java:61] Started CommunityApplication in 2.458 seconds (JVM running for 3.493)
2023-04-09 10:51:08,939 INFO [http-nio-8080-exec-1] o.a.c.c.C.[.[.[/community] [DirectJDKLog.java:173] Initializing Spring DispatcherServlet 'dispatcherServlet'
2023-04-09 10:51:08,939 INFO [http-nio-8080-exec-1] o.s.w.s.DispatcherServlet [FrameworkServlet.java:525] Initializing Servlet 'dispatcherServlet'
2023-04-09 10:51:08,940 INFO [http-nio-8080-exec-1] o.s.w.s.DispatcherServlet [FrameworkServlet.java:547] Completed initialization in 1 ms
2023-04-09 10:51:08,997 INFO [http-nio-8080-exec-1] c.z.h.HikariDataSource [HikariDataSource.java:110] HikariPool-1 - Starting...
2023-04-09 10:51:09,130 INFO [http-nio-8080-exec-1] c.z.h.HikariDataSource [HikariDataSource.java:123] HikariPool-1 - Start completed.
2023-04-09 11:47:04,379 INFO [restartedMain] c.n.CommunityApplication [StartupInfoLogger.java:55] Starting CommunityApplication using Java 1.8.0_351 on LAPTOP-LBLPVU7N with PID 18128 (D:\hjj\idea\SpringBoot\community\target\classes started by 87068 in D:\hjj\idea\SpringBoot\community)
2023-04-09 11:47:04,381 INFO [restartedMain] c.n.CommunityApplication [SpringApplication.java:631] No active profile set, falling back to 1 default profile: "default"
2023-04-09 11:47:04,415 INFO [restartedMain] o.s.b.d.e.DevToolsPropertyDefaultsPostProcessor [DeferredLog.java:255] Devtools property defaults active! Set 'spring.devtools.add-properties' to 'false' to disable
2023-04-09 11:47:04,416 INFO [restartedMain] o.s.b.d.e.DevToolsPropertyDefaultsPostProcessor [DeferredLog.java:255] For additional web related logging consider setting the 'logging.level.web' property to 'DEBUG'
2023-04-09 11:47:05,596 INFO [restartedMain] o.s.b.w.e.t.TomcatWebServer [TomcatWebServer.java:108] Tomcat initialized with port(s): 8080 (http)
2023-04-09 11:47:05,608 INFO [restartedMain] o.a.c.h.Http11NioProtocol [DirectJDKLog.java:173] Initializing ProtocolHandler ["http-nio-8080"]
2023-04-09 11:47:05,608 INFO [restartedMain] o.a.c.c.StandardService [DirectJDKLog.java:173] Starting service [Tomcat]
2023-04-09 11:47:05,609 INFO [restartedMain] o.a.c.c.StandardEngine [DirectJDKLog.java:173] Starting Servlet engine: [Apache Tomcat/9.0.73]
2023-04-09 11:47:05,700 INFO [restartedMain] o.a.c.c.C.[.[.[/community] [DirectJDKLog.java:173] Initializing Spring embedded WebApplicationContext
2023-04-09 11:47:05,700 INFO [restartedMain] o.s.b.w.s.c.ServletWebServerApplicationContext [ServletWebServerApplicationContext.java:292] Root WebApplicationContext: initialization completed in 1284 ms
2023-04-09 11:47:06,291 INFO [restartedMain] o.s.b.a.w.s.WelcomePageHandlerMapping [WelcomePageHandlerMapping.java:57] Adding welcome page template: index
2023-04-09 11:47:06,451 INFO [restartedMain] o.s.b.d.a.OptionalLiveReloadServer [OptionalLiveReloadServer.java:59] LiveReload server is running on port 35729
2023-04-09 11:47:06,466 INFO [restartedMain] o.a.c.h.Http11NioProtocol [DirectJDKLog.java:173] Starting ProtocolHandler ["http-nio-8080"]
2023-04-09 11:47:06,480 INFO [restartedMain] o.s.b.w.e.t.TomcatWebServer [TomcatWebServer.java:220] Tomcat started on port(s): 8080 (http) with context path '/community'
2023-04-09 11:47:06,490 INFO [restartedMain] c.n.CommunityApplication [StartupInfoLogger.java:61] Started CommunityApplication in 2.478 seconds (JVM running for 3.535)
2023-04-09 11:47:18,827 INFO [http-nio-8080-exec-2] o.a.c.c.C.[.[.[/community] [DirectJDKLog.java:173] Initializing Spring DispatcherServlet 'dispatcherServlet'
2023-04-09 11:47:18,827 INFO [http-nio-8080-exec-2] o.s.w.s.DispatcherServlet [FrameworkServlet.java:525] Initializing Servlet 'dispatcherServlet'
2023-04-09 11:47:18,828 INFO [http-nio-8080-exec-2] o.s.w.s.DispatcherServlet [FrameworkServlet.java:547] Completed initialization in 1 ms
2023-04-09 11:47:18,887 INFO [http-nio-8080-exec-2] c.z.h.HikariDataSource [HikariDataSource.java:110] HikariPool-1 - Starting...
2023-04-09 11:47:18,992 INFO [http-nio-8080-exec-2] c.z.h.HikariDataSource [HikariDataSource.java:123] HikariPool-1 - Start completed.
2023-04-09 14:30:20,599 INFO [main] c.n.MapperTest [StartupInfoLogger.java:55] Starting MapperTest using Java 1.8.0_351 on LAPTOP-LBLPVU7N with PID 20044 (started by 87068 in D:\hjj\idea\SpringBoot\community)
2023-04-09 14:30:20,601 INFO [main] c.n.MapperTest [SpringApplication.java:631] No active profile set, falling back to 1 default profile: "default"
2023-04-09 14:30:22,565 INFO [main] o.s.b.a.w.s.WelcomePageHandlerMapping [WelcomePageHandlerMapping.java:57] Adding welcome page template: index
2023-04-09 14:30:22,827 INFO [main] c.n.MapperTest [StartupInfoLogger.java:61] Started MapperTest in 2.637 seconds (JVM running for 3.567)
2023-04-09 14:30:23,104 INFO [main] c.z.h.HikariDataSource [HikariDataSource.java:110] HikariPool-1 - Starting...
2023-04-09 14:30:23,286 INFO [main] c.z.h.HikariDataSource [HikariDataSource.java:123] HikariPool-1 - Start completed.
2023-04-09 14:30:23,379 INFO [SpringApplicationShutdownHook] c.z.h.HikariDataSource [HikariDataSource.java:350] HikariPool-1 - Shutdown initiated...
2023-04-09 14:30:23,388 INFO [SpringApplicationShutdownHook] c.z.h.HikariDataSource [HikariDataSource.java:352] HikariPool-1 - Shutdown completed.
2023-04-09 14:34:16,993 INFO [main] c.n.MapperTest [StartupInfoLogger.java:55] Starting MapperTest using Java 1.8.0_351 on LAPTOP-LBLPVU7N with PID 20368 (started by 87068 in D:\hjj\idea\SpringBoot\community)
2023-04-09 14:34:16,996 INFO [main] c.n.MapperTest [SpringApplication.java:631] No active profile set, falling back to 1 default profile: "default"
2023-04-09 14:34:18,928 INFO [main] o.s.b.a.w.s.WelcomePageHandlerMapping [WelcomePageHandlerMapping.java:57] Adding welcome page template: index
2023-04-09 14:34:19,187 INFO [main] c.n.MapperTest [StartupInfoLogger.java:61] Started MapperTest in 2.59 seconds (JVM running for 3.371)
2023-04-09 14:34:19,419 INFO [main] c.z.h.HikariDataSource [HikariDataSource.java:110] HikariPool-1 - Starting...
2023-04-09 14:34:19,589 INFO [main] c.z.h.HikariDataSource [HikariDataSource.java:123] HikariPool-1 - Start completed.
2023-04-09 14:34:19,689 INFO [SpringApplicationShutdownHook] c.z.h.HikariDataSource [HikariDataSource.java:350] HikariPool-1 - Shutdown initiated...
2023-04-09 14:34:19,696 INFO [SpringApplicationShutdownHook] c.z.h.HikariDataSource [HikariDataSource.java:352] HikariPool-1 - Shutdown completed.
2023-04-09 14:34:55,735 INFO [main] c.n.MapperTest [StartupInfoLogger.java:55] Starting MapperTest using Java 1.8.0_351 on LAPTOP-LBLPVU7N with PID 16392 (started by 87068 in D:\hjj\idea\SpringBoot\community)
2023-04-09 14:34:55,737 INFO [main] c.n.MapperTest [SpringApplication.java:631] No active profile set, falling back to 1 default profile: "default"
2023-04-09 14:34:57,506 INFO [main] o.s.b.a.w.s.WelcomePageHandlerMapping [WelcomePageHandlerMapping.java:57] Adding welcome page template: index
2023-04-09 14:34:57,769 INFO [main] c.n.MapperTest [StartupInfoLogger.java:61] Started MapperTest in 2.421 seconds (JVM running for 3.218)
2023-04-09 14:34:57,975 INFO [main] c.z.h.HikariDataSource [HikariDataSource.java:110] HikariPool-1 - Starting...
2023-04-09 14:34:58,154 INFO [main] c.z.h.HikariDataSource [HikariDataSource.java:123] HikariPool-1 - Start completed.
2023-04-09 14:34:58,291 INFO [SpringApplicationShutdownHook] c.z.h.HikariDataSource [HikariDataSource.java:350] HikariPool-1 - Shutdown initiated...
2023-04-09 14:34:58,298 INFO [SpringApplicationShutdownHook] c.z.h.HikariDataSource [HikariDataSource.java:352] HikariPool-1 - Shutdown completed.
2023-04-09 14:38:14,408 INFO [main] c.n.MapperTest [StartupInfoLogger.java:55] Starting MapperTest using Java 1.8.0_351 on LAPTOP-LBLPVU7N with PID 2108 (started by 87068 in D:\hjj\idea\SpringBoot\community)
2023-04-09 14:38:14,410 INFO [main] c.n.MapperTest [SpringApplication.java:631] No active profile set, falling back to 1 default profile: "default"
2023-04-09 14:38:16,186 INFO [main] o.s.b.a.w.s.WelcomePageHandlerMapping [WelcomePageHandlerMapping.java:57] Adding welcome page template: index
2023-04-09 14:38:16,475 INFO [main] c.n.MapperTest [StartupInfoLogger.java:61] Started MapperTest in 2.483 seconds (JVM running for 3.284)
2023-04-09 14:38:16,688 INFO [main] c.z.h.HikariDataSource [HikariDataSource.java:110] HikariPool-1 - Starting...
2023-04-09 14:38:16,862 INFO [main] c.z.h.HikariDataSource [HikariDataSource.java:123] HikariPool-1 - Start completed.
2023-04-09 14:38:16,994 INFO [SpringApplicationShutdownHook] c.z.h.HikariDataSource [HikariDataSource.java:350] HikariPool-1 - Shutdown initiated...
2023-04-09 14:38:17,001 INFO [SpringApplicationShutdownHook] c.z.h.HikariDataSource [HikariDataSource.java:352] HikariPool-1 - Shutdown completed.
2023-04-09 15:15:46,486 INFO [restartedMain] c.n.CommunityApplication [StartupInfoLogger.java:55] Starting CommunityApplication using Java 1.8.0_351 on LAPTOP-LBLPVU7N with PID 7828 (D:\hjj\idea\SpringBoot\community\target\classes started by 87068 in D:\hjj\idea\SpringBoot\community)
2023-04-09 15:15:46,488 INFO [restartedMain] c.n.CommunityApplication [SpringApplication.java:631] No active profile set, falling back to 1 default profile: "default"
2023-04-09 15:15:46,529 INFO [restartedMain] o.s.b.d.e.DevToolsPropertyDefaultsPostProcessor [DeferredLog.java:255] Devtools property defaults active! Set 'spring.devtools.add-properties' to 'false' to disable
2023-04-09 15:15:46,529 INFO [restartedMain] o.s.b.d.e.DevToolsPropertyDefaultsPostProcessor [DeferredLog.java:255] For additional web related logging consider setting the 'logging.level.web' property to 'DEBUG'
2023-04-09 15:15:47,483 INFO [restartedMain] o.s.b.w.e.t.TomcatWebServer [TomcatWebServer.java:108] Tomcat initialized with port(s): 8080 (http)
2023-04-09 15:15:47,490 INFO [restartedMain] o.a.c.h.Http11NioProtocol [DirectJDKLog.java:173] Initializing ProtocolHandler ["http-nio-8080"]
2023-04-09 15:15:47,491 INFO [restartedMain] o.a.c.c.StandardService [DirectJDKLog.java:173] Starting service [Tomcat]
2023-04-09 15:15:47,491 INFO [restartedMain] o.a.c.c.StandardEngine [DirectJDKLog.java:173] Starting Servlet engine: [Apache Tomcat/9.0.73]
2023-04-09 15:15:47,576 INFO [restartedMain] o.a.c.c.C.[.[.[/community] [DirectJDKLog.java:173] Initializing Spring embedded WebApplicationContext
2023-04-09 15:15:47,577 INFO [restartedMain] o.s.b.w.s.c.ServletWebServerApplicationContext [ServletWebServerApplicationContext.java:292] Root WebApplicationContext: initialization completed in 1047 ms
2023-04-09 15:15:48,106 INFO [restartedMain] o.s.b.a.w.s.WelcomePageHandlerMapping [WelcomePageHandlerMapping.java:57] Adding welcome page template: index
2023-04-09 15:15:48,229 INFO [restartedMain] o.s.b.d.a.OptionalLiveReloadServer [OptionalLiveReloadServer.java:59] LiveReload server is running on port 35729
2023-04-09 15:15:48,242 INFO [restartedMain] o.a.c.h.Http11NioProtocol [DirectJDKLog.java:173] Starting ProtocolHandler ["http-nio-8080"]
2023-04-09 15:15:48,254 INFO [restartedMain] o.s.b.w.e.t.TomcatWebServer [TomcatWebServer.java:220] Tomcat started on port(s): 8080 (http) with context path '/community'
2023-04-09 15:15:48,263 INFO [restartedMain] c.n.CommunityApplication [StartupInfoLogger.java:61] Started CommunityApplication in 2.223 seconds (JVM running for 3.119)
2023-04-09 15:16:00,181 INFO [http-nio-8080-exec-1] o.a.c.c.C.[.[.[/community] [DirectJDKLog.java:173] Initializing Spring DispatcherServlet 'dispatcherServlet'
2023-04-09 15:16:00,181 INFO [http-nio-8080-exec-1] o.s.w.s.DispatcherServlet [FrameworkServlet.java:525] Initializing Servlet 'dispatcherServlet'
2023-04-09 15:16:00,182 INFO [http-nio-8080-exec-1] o.s.w.s.DispatcherServlet [FrameworkServlet.java:547] Completed initialization in 1 ms
2023-04-09 15:16:00,207 INFO [http-nio-8080-exec-1] c.z.h.HikariDataSource [HikariDataSource.java:110] HikariPool-1 - Starting...
2023-04-09 15:16:00,303 INFO [http-nio-8080-exec-1] c.z.h.HikariDataSource [HikariDataSource.java:123] HikariPool-1 - Start completed.
2023-04-09 15:49:16,923 INFO [restartedMain] c.n.CommunityApplication [StartupInfoLogger.java:55] Starting CommunityApplication using Java 1.8.0_351 on LAPTOP-LBLPVU7N with PID 1748 (D:\hjj\idea\SpringBoot\community\target\classes started by 87068 in D:\hjj\idea\SpringBoot\community)
2023-04-09 15:49:16,925 INFO [restartedMain] c.n.CommunityApplication [SpringApplication.java:631] No active profile set, falling back to 1 default profile: "default"
2023-04-09 15:49:16,963 INFO [restartedMain] o.s.b.d.e.DevToolsPropertyDefaultsPostProcessor [DeferredLog.java:255] Devtools property defaults active! Set 'spring.devtools.add-properties' to 'false' to disable
2023-04-09 15:49:16,963 INFO [restartedMain] o.s.b.d.e.DevToolsPropertyDefaultsPostProcessor [DeferredLog.java:255] For additional web related logging consider setting the 'logging.level.web' property to 'DEBUG'
2023-04-09 15:49:17,872 INFO [restartedMain] o.s.b.w.e.t.TomcatWebServer [TomcatWebServer.java:108] Tomcat initialized with port(s): 8080 (http)
2023-04-09 15:49:17,878 INFO [restartedMain] o.a.c.h.Http11NioProtocol [DirectJDKLog.java:173] Initializing ProtocolHandler ["http-nio-8080"]
2023-04-09 15:49:17,878 INFO [restartedMain] o.a.c.c.StandardService [DirectJDKLog.java:173] Starting service [Tomcat]
2023-04-09 15:49:17,878 INFO [restartedMain] o.a.c.c.StandardEngine [DirectJDKLog.java:173] Starting Servlet engine: [Apache Tomcat/9.0.73]
2023-04-09 15:49:17,944 INFO [restartedMain] o.a.c.c.C.[.[.[/community] [DirectJDKLog.java:173] Initializing Spring embedded WebApplicationContext
2023-04-09 15:49:17,944 INFO [restartedMain] o.s.b.w.s.c.ServletWebServerApplicationContext [ServletWebServerApplicationContext.java:292] Root WebApplicationContext: initialization completed in 980 ms
2023-04-09 15:49:18,397 INFO [restartedMain] o.s.b.a.w.s.WelcomePageHandlerMapping [WelcomePageHandlerMapping.java:57] Adding welcome page template: index
2023-04-09 15:49:18,523 INFO [restartedMain] o.s.b.d.a.OptionalLiveReloadServer [OptionalLiveReloadServer.java:59] LiveReload server is running on port 35729
2023-04-09 15:49:18,537 INFO [restartedMain] o.a.c.h.Http11NioProtocol [DirectJDKLog.java:173] Starting ProtocolHandler ["http-nio-8080"]
2023-04-09 15:49:18,548 INFO [restartedMain] o.s.b.w.e.t.TomcatWebServer [TomcatWebServer.java:220] Tomcat started on port(s): 8080 (http) with context path '/community'
2023-04-09 15:49:18,557 INFO [restartedMain] c.n.CommunityApplication [StartupInfoLogger.java:61] Started CommunityApplication in 2.035 seconds (JVM running for 3.008)
2023-04-09 15:49:31,528 INFO [http-nio-8080-exec-1] o.a.c.c.C.[.[.[/community] [DirectJDKLog.java:173] Initializing Spring DispatcherServlet 'dispatcherServlet'
2023-04-09 15:49:31,529 INFO [http-nio-8080-exec-1] o.s.w.s.DispatcherServlet [FrameworkServlet.java:525] Initializing Servlet 'dispatcherServlet'
2023-04-09 15:49:31,529 INFO [http-nio-8080-exec-1] o.s.w.s.DispatcherServlet [FrameworkServlet.java:547] Completed initialization in 0 ms
2023-04-09 15:49:31,553 INFO [http-nio-8080-exec-1] c.z.h.HikariDataSource [HikariDataSource.java:110] HikariPool-1 - Starting...
2023-04-09 15:49:31,649 INFO [http-nio-8080-exec-1] c.z.h.HikariDataSource [HikariDataSource.java:123] HikariPool-1 - Start completed.
2023-04-09 16:32:48,752 INFO [restartedMain] c.n.CommunityApplication [StartupInfoLogger.java:55] Starting CommunityApplication using Java 1.8.0_351 on LAPTOP-LBLPVU7N with PID 15788 (D:\hjj\idea\SpringBoot\community\target\classes started by 87068 in D:\hjj\idea\SpringBoot\community)
2023-04-09 16:32:48,755 INFO [restartedMain] c.n.CommunityApplication [SpringApplication.java:631] No active profile set, falling back to 1 default profile: "default"
2023-04-09 16:32:48,795 INFO [restartedMain] o.s.b.d.e.DevToolsPropertyDefaultsPostProcessor [DeferredLog.java:255] Devtools property defaults active! Set 'spring.devtools.add-properties' to 'false' to disable
2023-04-09 16:32:48,795 INFO [restartedMain] o.s.b.d.e.DevToolsPropertyDefaultsPostProcessor [DeferredLog.java:255] For additional web related logging consider setting the 'logging.level.web' property to 'DEBUG'
2023-04-09 16:32:49,724 INFO [restartedMain] o.s.b.w.e.t.TomcatWebServer [TomcatWebServer.java:108] Tomcat initialized with port(s): 8080 (http)
2023-04-09 16:32:49,731 INFO [restartedMain] o.a.c.h.Http11NioProtocol [DirectJDKLog.java:173] Initializing ProtocolHandler ["http-nio-8080"]
2023-04-09 16:32:49,731 INFO [restartedMain] o.a.c.c.StandardService [DirectJDKLog.java:173] Starting service [Tomcat]
2023-04-09 16:32:49,731 INFO [restartedMain] o.a.c.c.StandardEngine [DirectJDKLog.java:173] Starting Servlet engine: [Apache Tomcat/9.0.73]
2023-04-09 16:32:49,798 INFO [restartedMain] o.a.c.c.C.[.[.[/community] [DirectJDKLog.java:173] Initializing Spring embedded WebApplicationContext
2023-04-09 16:32:49,798 INFO [restartedMain] o.s.b.w.s.c.ServletWebServerApplicationContext [ServletWebServerApplicationContext.java:292] Root WebApplicationContext: initialization completed in 1002 ms
2023-04-09 16:32:50,269 INFO [restartedMain] o.s.b.a.w.s.WelcomePageHandlerMapping [WelcomePageHandlerMapping.java:57] Adding welcome page template: index
2023-04-09 16:32:50,407 INFO [restartedMain] o.s.b.d.a.OptionalLiveReloadServer [OptionalLiveReloadServer.java:59] LiveReload server is running on port 35729
2023-04-09 16:32:50,422 INFO [restartedMain] o.a.c.h.Http11NioProtocol [DirectJDKLog.java:173] Starting ProtocolHandler ["http-nio-8080"]
2023-04-09 16:32:50,434 INFO [restartedMain] o.s.b.w.e.t.TomcatWebServer [TomcatWebServer.java:220] Tomcat started on port(s): 8080 (http) with context path '/community'
2023-04-09 16:32:50,444 INFO [restartedMain] c.n.CommunityApplication [StartupInfoLogger.java:61] Started CommunityApplication in 2.135 seconds (JVM running for 3.06)
2023-04-09 16:32:53,553 INFO [http-nio-8080-exec-1] o.a.c.c.C.[.[.[/community] [DirectJDKLog.java:173] Initializing Spring DispatcherServlet 'dispatcherServlet'
2023-04-09 16:32:53,553 INFO [http-nio-8080-exec-1] o.s.w.s.DispatcherServlet [FrameworkServlet.java:525] Initializing Servlet 'dispatcherServlet'
2023-04-09 16:32:53,554 INFO [http-nio-8080-exec-1] o.s.w.s.DispatcherServlet [FrameworkServlet.java:547] Completed initialization in 1 ms
2023-04-09 16:32:53,579 INFO [http-nio-8080-exec-1] c.z.h.HikariDataSource [HikariDataSource.java:110] HikariPool-1 - Starting...
2023-04-09 16:32:53,673 INFO [http-nio-8080-exec-1] c.z.h.HikariDataSource [HikariDataSource.java:123] HikariPool-1 - Start completed.
2023-04-09 16:44:04,886 INFO [restartedMain] c.n.CommunityApplication [StartupInfoLogger.java:55] Starting CommunityApplication using Java 1.8.0_351 on LAPTOP-LBLPVU7N with PID 17204 (D:\hjj\idea\SpringBoot\community\target\classes started by 87068 in D:\hjj\idea\SpringBoot\community)
2023-04-09 16:44:04,889 INFO [restartedMain] c.n.CommunityApplication [SpringApplication.java:631] No active profile set, falling back to 1 default profile: "default"
2023-04-09 16:44:04,944 INFO [restartedMain] o.s.b.d.e.DevToolsPropertyDefaultsPostProcessor [DeferredLog.java:255] Devtools property defaults active! Set 'spring.devtools.add-properties' to 'false' to disable
2023-04-09 16:44:04,944 INFO [restartedMain] o.s.b.d.e.DevToolsPropertyDefaultsPostProcessor [DeferredLog.java:255] For additional web related logging consider setting the 'logging.level.web' property to 'DEBUG'
2023-04-09 16:44:05,984 INFO [restartedMain] o.s.b.w.e.t.TomcatWebServer [TomcatWebServer.java:108] Tomcat initialized with port(s): 8080 (http)
2023-04-09 16:44:05,990 INFO [restartedMain] o.a.c.h.Http11NioProtocol [DirectJDKLog.java:173] Initializing ProtocolHandler ["http-nio-8080"]
2023-04-09 16:44:05,991 INFO [restartedMain] o.a.c.c.StandardService [DirectJDKLog.java:173] Starting service [Tomcat]
2023-04-09 16:44:05,992 INFO [restartedMain] o.a.c.c.StandardEngine [DirectJDKLog.java:173] Starting Servlet engine: [Apache Tomcat/9.0.73]
2023-04-09 16:44:06,066 INFO [restartedMain] o.a.c.c.C.[.[.[/community] [DirectJDKLog.java:173] Initializing Spring embedded WebApplicationContext
2023-04-09 16:44:06,066 INFO [restartedMain] o.s.b.w.s.c.ServletWebServerApplicationContext [ServletWebServerApplicationContext.java:292] Root WebApplicationContext: initialization completed in 1121 ms
2023-04-09 16:44:06,532 INFO [restartedMain] o.s.b.a.w.s.WelcomePageHandlerMapping [WelcomePageHandlerMapping.java:57] Adding welcome page template: index
2023-04-09 16:44:06,676 INFO [restartedMain] o.s.b.d.a.OptionalLiveReloadServer [OptionalLiveReloadServer.java:59] LiveReload server is running on port 35729
2023-04-09 16:44:06,690 INFO [restartedMain] o.a.c.h.Http11NioProtocol [DirectJDKLog.java:173] Starting ProtocolHandler ["http-nio-8080"]
2023-04-09 16:44:06,703 INFO [restartedMain] o.s.b.w.e.t.TomcatWebServer [TomcatWebServer.java:220] Tomcat started on port(s): 8080 (http) with context path '/community'
2023-04-09 16:44:06,712 INFO [restartedMain] c.n.CommunityApplication [StartupInfoLogger.java:61] Started CommunityApplication in 2.351 seconds (JVM running for 3.312)
2023-04-09 16:44:09,943 INFO [http-nio-8080-exec-1] o.a.c.c.C.[.[.[/community] [DirectJDKLog.java:173] Initializing Spring DispatcherServlet 'dispatcherServlet'
2023-04-09 16:44:09,943 INFO [http-nio-8080-exec-1] o.s.w.s.DispatcherServlet [FrameworkServlet.java:525] Initializing Servlet 'dispatcherServlet'
2023-04-09 16:44:09,944 INFO [http-nio-8080-exec-1] o.s.w.s.DispatcherServlet [FrameworkServlet.java:547] Completed initialization in 0 ms
2023-04-09 16:44:09,971 INFO [http-nio-8080-exec-1] c.z.h.HikariDataSource [HikariDataSource.java:110] HikariPool-1 - Starting...
2023-04-09 16:44:10,064 INFO [http-nio-8080-exec-1] c.z.h.HikariDataSource [HikariDataSource.java:123] HikariPool-1 - Start completed.
2023-04-09 17:15:33,730 INFO [restartedMain] c.n.CommunityApplication [StartupInfoLogger.java:55] Starting CommunityApplication using Java 1.8.0_351 on LAPTOP-LBLPVU7N with PID 18760 (D:\hjj\idea\SpringBoot\community\target\classes started by 87068 in D:\hjj\idea\SpringBoot\community)
2023-04-09 17:15:33,731 INFO [restartedMain] c.n.CommunityApplication [SpringApplication.java:631] No active profile set, falling back to 1 default profile: "default"
2023-04-09 17:15:33,772 INFO [restartedMain] o.s.b.d.e.DevToolsPropertyDefaultsPostProcessor [DeferredLog.java:255] Devtools property defaults active! Set 'spring.devtools.add-properties' to 'false' to disable
2023-04-09 17:15:33,773 INFO [restartedMain] o.s.b.d.e.DevToolsPropertyDefaultsPostProcessor [DeferredLog.java:255] For additional web related logging consider setting the 'logging.level.web' property to 'DEBUG'
2023-04-09 17:15:34,715 INFO [restartedMain] o.s.b.w.e.t.TomcatWebServer [TomcatWebServer.java:108] Tomcat initialized with port(s): 8080 (http)
2023-04-09 17:15:34,721 INFO [restartedMain] o.a.c.h.Http11NioProtocol [DirectJDKLog.java:173] Initializing ProtocolHandler ["http-nio-8080"]
2023-04-09 17:15:34,722 INFO [restartedMain] o.a.c.c.StandardService [DirectJDKLog.java:173] Starting service [Tomcat]
2023-04-09 17:15:34,722 INFO [restartedMain] o.a.c.c.StandardEngine [DirectJDKLog.java:173] Starting Servlet engine: [Apache Tomcat/9.0.73]
2023-04-09 17:15:34,788 INFO [restartedMain] o.a.c.c.C.[.[.[/community] [DirectJDKLog.java:173] Initializing Spring embedded WebApplicationContext
2023-04-09 17:15:34,788 INFO [restartedMain] o.s.b.w.s.c.ServletWebServerApplicationContext [ServletWebServerApplicationContext.java:292] Root WebApplicationContext: initialization completed in 1014 ms
2023-04-09 17:15:35,228 INFO [restartedMain] o.s.b.a.w.s.WelcomePageHandlerMapping [WelcomePageHandlerMapping.java:57] Adding welcome page template: index
2023-04-09 17:15:35,353 INFO [restartedMain] o.s.b.d.a.OptionalLiveReloadServer [OptionalLiveReloadServer.java:59] LiveReload server is running on port 35729
2023-04-09 17:15:35,366 INFO [restartedMain] o.a.c.h.Http11NioProtocol [DirectJDKLog.java:173] Starting ProtocolHandler ["http-nio-8080"]
2023-04-09 17:15:35,378 INFO [restartedMain] o.s.b.w.e.t.TomcatWebServer [TomcatWebServer.java:220] Tomcat started on port(s): 8080 (http) with context path '/community'
2023-04-09 17:15:35,388 INFO [restartedMain] c.n.CommunityApplication [StartupInfoLogger.java:61] Started CommunityApplication in 2.041 seconds (JVM running for 2.889)
2023-04-09 17:15:53,638 INFO [http-nio-8080-exec-8] o.a.c.c.C.[.[.[/community] [DirectJDKLog.java:173] Initializing Spring DispatcherServlet 'dispatcherServlet'
2023-04-09 17:15:53,638 INFO [http-nio-8080-exec-8] o.s.w.s.DispatcherServlet [FrameworkServlet.java:525] Initializing Servlet 'dispatcherServlet'
2023-04-09 17:15:53,639 INFO [http-nio-8080-exec-8] o.s.w.s.DispatcherServlet [FrameworkServlet.java:547] Completed initialization in 1 ms
2023-04-09 17:15:53,662 INFO [http-nio-8080-exec-8] c.z.h.HikariDataSource [HikariDataSource.java:110] HikariPool-1 - Starting...
2023-04-09 17:15:53,762 INFO [http-nio-8080-exec-8] c.z.h.HikariDataSource [HikariDataSource.java:123] HikariPool-1 - Start completed.
2023-04-09 17:18:46,950 INFO [restartedMain] c.n.CommunityApplication [StartupInfoLogger.java:55] Starting CommunityApplication using Java 1.8.0_351 on LAPTOP-LBLPVU7N with PID 2572 (D:\hjj\idea\SpringBoot\community\target\classes started by 87068 in D:\hjj\idea\SpringBoot\community)
2023-04-09 17:18:46,952 INFO [restartedMain] c.n.CommunityApplication [SpringApplication.java:631] No active profile set, falling back to 1 default profile: "default"
2023-04-09 17:18:46,990 INFO [restartedMain] o.s.b.d.e.DevToolsPropertyDefaultsPostProcessor [DeferredLog.java:255] Devtools property defaults active! Set 'spring.devtools.add-properties' to 'false' to disable
2023-04-09 17:18:46,990 INFO [restartedMain] o.s.b.d.e.DevToolsPropertyDefaultsPostProcessor [DeferredLog.java:255] For additional web related logging consider setting the 'logging.level.web' property to 'DEBUG'
2023-04-09 17:18:47,915 INFO [restartedMain] o.s.b.w.e.t.TomcatWebServer [TomcatWebServer.java:108] Tomcat initialized with port(s): 8080 (http)
2023-04-09 17:18:47,922 INFO [restartedMain] o.a.c.h.Http11NioProtocol [DirectJDKLog.java:173] Initializing ProtocolHandler ["http-nio-8080"]
2023-04-09 17:18:47,923 INFO [restartedMain] o.a.c.c.StandardService [DirectJDKLog.java:173] Starting service [Tomcat]
2023-04-09 17:18:47,923 INFO [restartedMain] o.a.c.c.StandardEngine [DirectJDKLog.java:173] Starting Servlet engine: [Apache Tomcat/9.0.73]
2023-04-09 17:18:47,993 INFO [restartedMain] o.a.c.c.C.[.[.[/community] [DirectJDKLog.java:173] Initializing Spring embedded WebApplicationContext
2023-04-09 17:18:47,993 INFO [restartedMain] o.s.b.w.s.c.ServletWebServerApplicationContext [ServletWebServerApplicationContext.java:292] Root WebApplicationContext: initialization completed in 1002 ms
2023-04-09 17:18:48,445 INFO [restartedMain] o.s.b.a.w.s.WelcomePageHandlerMapping [WelcomePageHandlerMapping.java:57] Adding welcome page template: index
2023-04-09 17:18:48,577 INFO [restartedMain] o.s.b.d.a.OptionalLiveReloadServer [OptionalLiveReloadServer.java:59] LiveReload server is running on port 35729
2023-04-09 17:18:48,592 INFO [restartedMain] o.a.c.h.Http11NioProtocol [DirectJDKLog.java:173] Starting ProtocolHandler ["http-nio-8080"]
2023-04-09 17:18:48,605 INFO [restartedMain] o.s.b.w.e.t.TomcatWebServer [TomcatWebServer.java:220] Tomcat started on port(s): 8080 (http) with context path '/community'
2023-04-09 17:18:48,614 INFO [restartedMain] c.n.CommunityApplication [StartupInfoLogger.java:61] Started CommunityApplication in 2.098 seconds (JVM running for 2.994)
2023-04-09 17:18:55,353 INFO [http-nio-8080-exec-1] o.a.c.c.C.[.[.[/community] [DirectJDKLog.java:173] Initializing Spring DispatcherServlet 'dispatcherServlet'
2023-04-09 17:18:55,353 INFO [http-nio-8080-exec-1] o.s.w.s.DispatcherServlet [FrameworkServlet.java:525] Initializing Servlet 'dispatcherServlet'
2023-04-09 17:18:55,354 INFO [http-nio-8080-exec-1] o.s.w.s.DispatcherServlet [FrameworkServlet.java:547] Completed initialization in 1 ms
2023-04-09 17:18:55,381 INFO [http-nio-8080-exec-1] c.z.h.HikariDataSource [HikariDataSource.java:110] HikariPool-1 - Starting...
2023-04-09 17:18:55,475 INFO [http-nio-8080-exec-1] c.z.h.HikariDataSource [HikariDataSource.java:123] HikariPool-1 - Start completed.
2023-04-09 17:33:21,881 INFO [restartedMain] c.n.CommunityApplication [StartupInfoLogger.java:55] Starting CommunityApplication using Java 1.8.0_351 on LAPTOP-LBLPVU7N with PID 20392 (D:\hjj\idea\SpringBoot\community\target\classes started by 87068 in D:\hjj\idea\SpringBoot\community)
2023-04-09 17:33:21,883 INFO [restartedMain] c.n.CommunityApplication [SpringApplication.java:631] No active profile set, falling back to 1 default profile: "default"
2023-04-09 17:33:21,922 INFO [restartedMain] o.s.b.d.e.DevToolsPropertyDefaultsPostProcessor [DeferredLog.java:255] Devtools property defaults active! Set 'spring.devtools.add-properties' to 'false' to disable
2023-04-09 17:33:21,922 INFO [restartedMain] o.s.b.d.e.DevToolsPropertyDefaultsPostProcessor [DeferredLog.java:255] For additional web related logging consider setting the 'logging.level.web' property to 'DEBUG'
2023-04-09 17:33:22,858 INFO [restartedMain] o.s.b.w.e.t.TomcatWebServer [TomcatWebServer.java:108] Tomcat initialized with port(s): 8080 (http)
2023-04-09 17:33:22,865 INFO [restartedMain] o.a.c.h.Http11NioProtocol [DirectJDKLog.java:173] Initializing ProtocolHandler ["http-nio-8080"]
2023-04-09 17:33:22,866 INFO [restartedMain] o.a.c.c.StandardService [DirectJDKLog.java:173] Starting service [Tomcat]
2023-04-09 17:33:22,866 INFO [restartedMain] o.a.c.c.StandardEngine [DirectJDKLog.java:173] Starting Servlet engine: [Apache Tomcat/9.0.73]
2023-04-09 17:33:22,935 INFO [restartedMain] o.a.c.c.C.[.[.[/community] [DirectJDKLog.java:173] Initializing Spring embedded WebApplicationContext
2023-04-09 17:33:22,935 INFO [restartedMain] o.s.b.w.s.c.ServletWebServerApplicationContext [ServletWebServerApplicationContext.java:292] Root WebApplicationContext: initialization completed in 1012 ms
2023-04-09 17:33:23,406 INFO [restartedMain] o.s.b.a.w.s.WelcomePageHandlerMapping [WelcomePageHandlerMapping.java:57] Adding welcome page template: index
2023-04-09 17:33:23,529 INFO [restartedMain] o.s.b.d.a.OptionalLiveReloadServer [OptionalLiveReloadServer.java:59] LiveReload server is running on port 35729
2023-04-09 17:33:23,543 INFO [restartedMain] o.a.c.h.Http11NioProtocol [DirectJDKLog.java:173] Starting ProtocolHandler ["http-nio-8080"]
2023-04-09 17:33:23,555 INFO [restartedMain] o.s.b.w.e.t.TomcatWebServer [TomcatWebServer.java:220] Tomcat started on port(s): 8080 (http) with context path '/community'
2023-04-09 17:33:23,564 INFO [restartedMain] c.n.CommunityApplication [StartupInfoLogger.java:61] Started CommunityApplication in 2.048 seconds (JVM running for 2.913)
2023-04-09 17:33:40,680 INFO [http-nio-8080-exec-1] o.a.c.c.C.[.[.[/community] [DirectJDKLog.java:173] Initializing Spring DispatcherServlet 'dispatcherServlet'
2023-04-09 17:33:40,680 INFO [http-nio-8080-exec-1] o.s.w.s.DispatcherServlet [FrameworkServlet.java:525] Initializing Servlet 'dispatcherServlet'
2023-04-09 17:33:40,681 INFO [http-nio-8080-exec-1] o.s.w.s.DispatcherServlet [FrameworkServlet.java:547] Completed initialization in 1 ms
2023-04-09 17:33:40,706 INFO [http-nio-8080-exec-1] c.z.h.HikariDataSource [HikariDataSource.java:110] HikariPool-1 - Starting...
2023-04-09 17:33:40,806 INFO [http-nio-8080-exec-1] c.z.h.HikariDataSource [HikariDataSource.java:123] HikariPool-1 - Start completed.
2023-04-09 17:34:08,191 INFO [File Watcher] o.s.b.d.a.LocalDevToolsAutoConfiguration$RestartingClassPathChangeChangedEventListener [LocalDevToolsAutoConfiguration.java:211] Restarting due to 1 class path change (0 additions, 1 deletion, 0 modifications)
2023-04-09 17:34:08,508 INFO [Thread-9] o.a.c.h.Http11NioProtocol [DirectJDKLog.java:173] Pausing ProtocolHandler ["http-nio-8080"]
2023-04-09 17:34:08,508 INFO [Thread-9] o.a.c.c.StandardService [DirectJDKLog.java:173] Stopping service [Tomcat]
2023-04-09 17:34:08,509 INFO [Thread-9] o.a.c.c.C.[.[.[/community] [DirectJDKLog.java:173] Destroying Spring FrameworkServlet 'dispatcherServlet'
2023-04-09 17:34:08,512 INFO [Thread-9] o.a.c.h.Http11NioProtocol [DirectJDKLog.java:173] Stopping ProtocolHandler ["http-nio-8080"]
2023-04-09 17:34:08,513 INFO [Thread-9] o.a.c.h.Http11NioProtocol [DirectJDKLog.java:173] Destroying ProtocolHandler ["http-nio-8080"]
2023-04-09 17:34:08,517 INFO [Thread-9] c.z.h.HikariDataSource [HikariDataSource.java:350] HikariPool-1 - Shutdown initiated...
2023-04-09 17:34:08,522 INFO [Thread-9] c.z.h.HikariDataSource [HikariDataSource.java:352] HikariPool-1 - Shutdown completed.
2023-04-09 17:34:08,656 INFO [restartedMain] c.n.CommunityApplication [StartupInfoLogger.java:55] Starting CommunityApplication using Java 1.8.0_351 on LAPTOP-LBLPVU7N with PID 20392 (D:\hjj\idea\SpringBoot\community\target\classes started by 87068 in D:\hjj\idea\SpringBoot\community)
2023-04-09 17:34:08,657 INFO [restartedMain] c.n.CommunityApplication [SpringApplication.java:631] No active profile set, falling back to 1 default profile: "default"
2023-04-09 17:34:08,934 INFO [restartedMain] o.s.b.w.e.t.TomcatWebServer [TomcatWebServer.java:108] Tomcat initialized with port(s): 8080 (http)
2023-04-09 17:34:08,935 INFO [restartedMain] o.a.c.h.Http11NioProtocol [DirectJDKLog.java:173] Initializing ProtocolHandler ["http-nio-8080"]
2023-04-09 17:34:08,935 INFO [restartedMain] o.a.c.c.StandardService [DirectJDKLog.java:173] Starting service [Tomcat]
2023-04-09 17:34:08,935 INFO [restartedMain] o.a.c.c.StandardEngine [DirectJDKLog.java:173] Starting Servlet engine: [Apache Tomcat/9.0.73]
2023-04-09 17:34:08,960 INFO [restartedMain] o.a.c.c.C.[.[.[/community] [DirectJDKLog.java:173] Initializing Spring embedded WebApplicationContext
2023-04-09 17:34:08,960 INFO [restartedMain] o.s.b.w.s.c.ServletWebServerApplicationContext [ServletWebServerApplicationContext.java:292] Root WebApplicationContext: initialization completed in 301 ms
2023-04-09 17:34:09,101 INFO [restartedMain] o.s.b.a.w.s.WelcomePageHandlerMapping [WelcomePageHandlerMapping.java:57] Adding welcome page template: index
2023-04-09 17:34:09,144 INFO [restartedMain] o.s.b.d.a.OptionalLiveReloadServer [OptionalLiveReloadServer.java:59] LiveReload server is running on port 35729
2023-04-09 17:34:09,153 INFO [restartedMain] o.a.c.h.Http11NioProtocol [DirectJDKLog.java:173] Starting ProtocolHandler ["http-nio-8080"]
2023-04-09 17:34:09,155 INFO [restartedMain] o.s.b.w.e.t.TomcatWebServer [TomcatWebServer.java:220] Tomcat started on port(s): 8080 (http) with context path '/community'
2023-04-09 17:34:09,158 INFO [restartedMain] c.n.CommunityApplication [StartupInfoLogger.java:61] Started CommunityApplication in 0.537 seconds (JVM running for 48.508)
2023-04-09 17:34:09,160 INFO [restartedMain] o.s.b.d.a.ConditionEvaluationDeltaLoggingListener [ConditionEvaluationDeltaLoggingListener.java:63] Condition evaluation unchanged
2023-04-09 17:34:10,606 INFO [File Watcher] o.s.b.d.a.LocalDevToolsAutoConfiguration$RestartingClassPathChangeChangedEventListener [LocalDevToolsAutoConfiguration.java:211] Restarting due to 1 class path change (1 addition, 0 deletions, 0 modifications)
2023-04-09 17:34:10,867 INFO [Thread-15] o.a.c.h.Http11NioProtocol [DirectJDKLog.java:173] Pausing ProtocolHandler ["http-nio-8080"]
2023-04-09 17:34:10,867 INFO [Thread-15] o.a.c.c.StandardService [DirectJDKLog.java:173] Stopping service [Tomcat]
2023-04-09 17:34:10,870 INFO [Thread-15] o.a.c.h.Http11NioProtocol [DirectJDKLog.java:173] Stopping ProtocolHandler ["http-nio-8080"]
2023-04-09 17:34:10,872 INFO [Thread-15] o.a.c.h.Http11NioProtocol [DirectJDKLog.java:173] Destroying ProtocolHandler ["http-nio-8080"]
2023-04-09 17:34:10,990 INFO [restartedMain] c.n.CommunityApplication [StartupInfoLogger.java:55] Starting CommunityApplication using Java 1.8.0_351 on LAPTOP-LBLPVU7N with PID 20392 (D:\hjj\idea\SpringBoot\community\target\classes started by 87068 in D:\hjj\idea\SpringBoot\community)
2023-04-09 17:34:10,991 INFO [restartedMain] c.n.CommunityApplication [SpringApplication.java:631] No active profile set, falling back to 1 default profile: "default"
2023-04-09 17:34:11,174 INFO [restartedMain] o.s.b.w.e.t.TomcatWebServer [TomcatWebServer.java:108] Tomcat initialized with port(s): 8080 (http)
2023-04-09 17:34:11,174 INFO [restartedMain] o.a.c.h.Http11NioProtocol [DirectJDKLog.java:173] Initializing ProtocolHandler ["http-nio-8080"]
2023-04-09 17:34:11,174 INFO [restartedMain] o.a.c.c.StandardService [DirectJDKLog.java:173] Starting service [Tomcat]
2023-04-09 17:34:11,174 INFO [restartedMain] o.a.c.c.StandardEngine [DirectJDKLog.java:173] Starting Servlet engine: [Apache Tomcat/9.0.73]
2023-04-09 17:34:11,195 INFO [restartedMain] o.a.c.c.C.[.[.[/community] [DirectJDKLog.java:173] Initializing Spring embedded WebApplicationContext
2023-04-09 17:34:11,195 INFO [restartedMain] o.s.b.w.s.c.ServletWebServerApplicationContext [ServletWebServerApplicationContext.java:292] Root WebApplicationContext: initialization completed in 203 ms
2023-04-09 17:34:11,309 INFO [restartedMain] o.s.b.a.w.s.WelcomePageHandlerMapping [WelcomePageHandlerMapping.java:57] Adding welcome page template: index
2023-04-09 17:34:11,341 INFO [restartedMain] o.s.b.d.a.OptionalLiveReloadServer [OptionalLiveReloadServer.java:59] LiveReload server is running on port 35729
2023-04-09 17:34:11,348 INFO [restartedMain] o.a.c.h.Http11NioProtocol [DirectJDKLog.java:173] Starting ProtocolHandler ["http-nio-8080"]
2023-04-09 17:34:11,351 INFO [restartedMain] o.s.b.w.e.t.TomcatWebServer [TomcatWebServer.java:220] Tomcat started on port(s): 8080 (http) with context path '/community'
2023-04-09 17:34:11,354 INFO [restartedMain] c.n.CommunityApplication [StartupInfoLogger.java:61] Started CommunityApplication in 0.39 seconds (JVM running for 50.704)
2023-04-09 17:34:11,355 INFO [restartedMain] o.s.b.d.a.ConditionEvaluationDeltaLoggingListener [ConditionEvaluationDeltaLoggingListener.java:63] Condition evaluation unchanged
2023-04-09 17:34:18,128 INFO [http-nio-8080-exec-1] o.a.c.c.C.[.[.[/community] [DirectJDKLog.java:173] Initializing Spring DispatcherServlet 'dispatcherServlet'
2023-04-09 17:34:18,129 INFO [http-nio-8080-exec-1] o.s.w.s.DispatcherServlet [FrameworkServlet.java:525] Initializing Servlet 'dispatcherServlet'
2023-04-09 17:34:18,130 INFO [http-nio-8080-exec-1] o.s.w.s.DispatcherServlet [FrameworkServlet.java:547] Completed initialization in 1 ms
2023-04-09 17:34:18,132 INFO [http-nio-8080-exec-1] c.z.h.HikariDataSource [HikariDataSource.java:110] HikariPool-2 - Starting...
2023-04-09 17:34:18,136 INFO [http-nio-8080-exec-1] c.z.h.HikariDataSource [HikariDataSource.java:123] HikariPool-2 - Start completed.
2023-04-09 19:29:35,651 INFO [restartedMain] c.n.CommunityApplication [StartupInfoLogger.java:55] Starting CommunityApplication using Java 1.8.0_351 on LAPTOP-LBLPVU7N with PID 18996 (D:\hjj\idea\SpringBoot\community\target\classes started by 87068 in D:\hjj\idea\SpringBoot\community)
2023-04-09 19:29:35,652 INFO [restartedMain] c.n.CommunityApplication [SpringApplication.java:631] No active profile set, falling back to 1 default profile: "default"
2023-04-09 19:29:35,695 INFO [restartedMain] o.s.b.d.e.DevToolsPropertyDefaultsPostProcessor [DeferredLog.java:255] Devtools property defaults active! Set 'spring.devtools.add-properties' to 'false' to disable
2023-04-09 19:29:35,695 INFO [restartedMain] o.s.b.d.e.DevToolsPropertyDefaultsPostProcessor [DeferredLog.java:255] For additional web related logging consider setting the 'logging.level.web' property to 'DEBUG'
2023-04-09 19:29:36,907 INFO [restartedMain] o.s.b.w.e.t.TomcatWebServer [TomcatWebServer.java:108] Tomcat initialized with port(s): 8080 (http)
2023-04-09 19:29:36,918 INFO [restartedMain] o.a.c.h.Http11NioProtocol [DirectJDKLog.java:173] Initializing ProtocolHandler ["http-nio-8080"]
2023-04-09 19:29:36,919 INFO [restartedMain] o.a.c.c.StandardService [DirectJDKLog.java:173] Starting service [Tomcat]
2023-04-09 19:29:36,919 INFO [restartedMain] o.a.c.c.StandardEngine [DirectJDKLog.java:173] Starting Servlet engine: [Apache Tomcat/9.0.73]
2023-04-09 19:29:37,005 INFO [restartedMain] o.a.c.c.C.[.[.[/community] [DirectJDKLog.java:173] Initializing Spring embedded WebApplicationContext
2023-04-09 19:29:37,006 INFO [restartedMain] o.s.b.w.s.c.ServletWebServerApplicationContext [ServletWebServerApplicationContext.java:292] Root WebApplicationContext: initialization completed in 1310 ms
2023-04-09 19:29:37,767 INFO [restartedMain] o.s.b.a.w.s.WelcomePageHandlerMapping [WelcomePageHandlerMapping.java:57] Adding welcome page template: index
2023-04-09 19:29:38,077 INFO [restartedMain] o.s.b.d.a.OptionalLiveReloadServer [OptionalLiveReloadServer.java:59] LiveReload server is running on port 35729
2023-04-09 19:29:38,093 INFO [restartedMain] o.a.c.h.Http11NioProtocol [DirectJDKLog.java:173] Starting ProtocolHandler ["http-nio-8080"]
2023-04-09 19:29:38,107 INFO [restartedMain] o.s.b.w.e.t.TomcatWebServer [TomcatWebServer.java:220] Tomcat started on port(s): 8080 (http) with context path '/community'
2023-04-09 19:29:38,116 INFO [restartedMain] c.n.CommunityApplication [StartupInfoLogger.java:61] Started CommunityApplication in 2.889 seconds (JVM running for 3.779)
2023-04-09 19:29:55,685 INFO [http-nio-8080-exec-2] o.a.c.c.C.[.[.[/community] [DirectJDKLog.java:173] Initializing Spring DispatcherServlet 'dispatcherServlet'
2023-04-09 19:29:55,685 INFO [http-nio-8080-exec-2] o.s.w.s.DispatcherServlet [FrameworkServlet.java:525] Initializing Servlet 'dispatcherServlet'
2023-04-09 19:29:55,686 INFO [http-nio-8080-exec-2] o.s.w.s.DispatcherServlet [FrameworkServlet.java:547] Completed initialization in 0 ms
2023-04-09 19:29:55,722 INFO [http-nio-8080-exec-2] c.z.h.HikariDataSource [HikariDataSource.java:110] HikariPool-1 - Starting...
2023-04-09 19:29:55,842 INFO [http-nio-8080-exec-2] c.z.h.HikariDataSource [HikariDataSource.java:123] HikariPool-1 - Start completed.
2023-04-09 19:37:45,844 INFO [File Watcher] o.s.b.d.a.LocalDevToolsAutoConfiguration$RestartingClassPathChangeChangedEventListener [LocalDevToolsAutoConfiguration.java:211] Restarting due to 1 class path change (0 additions, 1 deletion, 0 modifications)
2023-04-09 19:37:46,153 INFO [Thread-11] o.a.c.h.Http11NioProtocol [DirectJDKLog.java:173] Pausing ProtocolHandler ["http-nio-8080"]
2023-04-09 19:37:46,154 INFO [Thread-11] o.a.c.c.StandardService [DirectJDKLog.java:173] Stopping service [Tomcat]
2023-04-09 19:37:46,154 INFO [Thread-11] o.a.c.c.C.[.[.[/community] [DirectJDKLog.java:173] Destroying Spring FrameworkServlet 'dispatcherServlet'
2023-04-09 19:37:46,164 INFO [Thread-11] o.a.c.h.Http11NioProtocol [DirectJDKLog.java:173] Stopping ProtocolHandler ["http-nio-8080"]
2023-04-09 19:37:46,166 INFO [Thread-11] o.a.c.h.Http11NioProtocol [DirectJDKLog.java:173] Destroying ProtocolHandler ["http-nio-8080"]
2023-04-09 19:37:46,170 INFO [Thread-11] c.z.h.HikariDataSource [HikariDataSource.java:350] HikariPool-1 - Shutdown initiated...
2023-04-09 19:37:46,177 INFO [Thread-11] c.z.h.HikariDataSource [HikariDataSource.java:352] HikariPool-1 - Shutdown completed.
2023-04-09 19:37:46,317 INFO [restartedMain] c.n.CommunityApplication [StartupInfoLogger.java:55] Starting CommunityApplication using Java 1.8.0_351 on LAPTOP-LBLPVU7N with PID 18996 (D:\hjj\idea\SpringBoot\community\target\classes started by 87068 in D:\hjj\idea\SpringBoot\community)
2023-04-09 19:37:46,317 INFO [restartedMain] c.n.CommunityApplication [SpringApplication.java:631] No active profile set, falling back to 1 default profile: "default"
2023-04-09 19:37:46,592 INFO [restartedMain] o.s.b.w.e.t.TomcatWebServer [TomcatWebServer.java:108] Tomcat initialized with port(s): 8080 (http)
2023-04-09 19:37:46,593 INFO [restartedMain] o.a.c.h.Http11NioProtocol [DirectJDKLog.java:173] Initializing ProtocolHandler ["http-nio-8080"]
2023-04-09 19:37:46,593 INFO [restartedMain] o.a.c.c.StandardService [DirectJDKLog.java:173] Starting service [Tomcat]
2023-04-09 19:37:46,593 INFO [restartedMain] o.a.c.c.StandardEngine [DirectJDKLog.java:173] Starting Servlet engine: [Apache Tomcat/9.0.73]
2023-04-09 19:37:46,620 INFO [restartedMain] o.a.c.c.C.[.[.[/community] [DirectJDKLog.java:173] Initializing Spring embedded WebApplicationContext
2023-04-09 19:37:46,621 INFO [restartedMain] o.s.b.w.s.c.ServletWebServerApplicationContext [ServletWebServerApplicationContext.java:292] Root WebApplicationContext: initialization completed in 302 ms
2023-04-09 19:37:46,831 INFO [restartedMain] o.s.b.a.w.s.WelcomePageHandlerMapping [WelcomePageHandlerMapping.java:57] Adding welcome page template: index
2023-04-09 19:37:46,913 INFO [restartedMain] o.s.b.d.a.OptionalLiveReloadServer [OptionalLiveReloadServer.java:59] LiveReload server is running on port 35729
2023-04-09 19:37:46,921 INFO [restartedMain] o.a.c.h.Http11NioProtocol [DirectJDKLog.java:173] Starting ProtocolHandler ["http-nio-8080"]
2023-04-09 19:37:46,923 INFO [restartedMain] o.s.b.w.e.t.TomcatWebServer [TomcatWebServer.java:220] Tomcat started on port(s): 8080 (http) with context path '/community'
2023-04-09 19:37:46,926 INFO [restartedMain] c.n.CommunityApplication [StartupInfoLogger.java:61] Started CommunityApplication in 0.647 seconds (JVM running for 492.59)
2023-04-09 19:37:46,928 INFO [restartedMain] o.s.b.d.a.ConditionEvaluationDeltaLoggingListener [ConditionEvaluationDeltaLoggingListener.java:63] Condition evaluation unchanged
2023-04-09 19:37:48,337 INFO [File Watcher] o.s.b.d.a.LocalDevToolsAutoConfiguration$RestartingClassPathChangeChangedEventListener [LocalDevToolsAutoConfiguration.java:211] Restarting due to 2 class path changes (2 additions, 0 deletions, 0 modifications)
2023-04-09 19:37:48,617 INFO [Thread-17] o.a.c.h.Http11NioProtocol [DirectJDKLog.java:173] Pausing ProtocolHandler ["http-nio-8080"]
2023-04-09 19:37:48,617 INFO [Thread-17] o.a.c.c.StandardService [DirectJDKLog.java:173] Stopping service [Tomcat]
2023-04-09 19:37:48,620 INFO [Thread-17] o.a.c.h.Http11NioProtocol [DirectJDKLog.java:173] Stopping ProtocolHandler ["http-nio-8080"]
2023-04-09 19:37:48,631 INFO [Thread-17] o.a.c.h.Http11NioProtocol [DirectJDKLog.java:173] Destroying ProtocolHandler ["http-nio-8080"]
2023-04-09 19:37:48,756 INFO [restartedMain] c.n.CommunityApplication [StartupInfoLogger.java:55] Starting CommunityApplication using Java 1.8.0_351 on LAPTOP-LBLPVU7N with PID 18996 (D:\hjj\idea\SpringBoot\community\target\classes started by 87068 in D:\hjj\idea\SpringBoot\community)
2023-04-09 19:37:48,756 INFO [restartedMain] c.n.CommunityApplication [SpringApplication.java:631] No active profile set, falling back to 1 default profile: "default"
2023-04-09 19:37:48,962 INFO [restartedMain] o.s.b.w.e.t.TomcatWebServer [TomcatWebServer.java:108] Tomcat initialized with port(s): 8080 (http)
2023-04-09 19:37:48,963 INFO [restartedMain] o.a.c.h.Http11NioProtocol [DirectJDKLog.java:173] Initializing ProtocolHandler ["http-nio-8080"]
2023-04-09 19:37:48,963 INFO [restartedMain] o.a.c.c.StandardService [DirectJDKLog.java:173] Starting service [Tomcat]
2023-04-09 19:37:48,963 INFO [restartedMain] o.a.c.c.StandardEngine [DirectJDKLog.java:173] Starting Servlet engine: [Apache Tomcat/9.0.73]
2023-04-09 19:37:48,984 INFO [restartedMain] o.a.c.c.C.[.[.[/community] [DirectJDKLog.java:173] Initializing Spring embedded WebApplicationContext
2023-04-09 19:37:48,984 INFO [restartedMain] o.s.b.w.s.c.ServletWebServerApplicationContext [ServletWebServerApplicationContext.java:292] Root WebApplicationContext: initialization completed in 226 ms
2023-04-09 19:37:49,157 INFO [restartedMain] o.s.b.a.w.s.WelcomePageHandlerMapping [WelcomePageHandlerMapping.java:57] Adding welcome page template: index
2023-04-09 19:37:49,233 INFO [restartedMain] o.s.b.d.a.OptionalLiveReloadServer [OptionalLiveReloadServer.java:59] LiveReload server is running on port 35729
2023-04-09 19:37:49,240 INFO [restartedMain] o.a.c.h.Http11NioProtocol [DirectJDKLog.java:173] Starting ProtocolHandler ["http-nio-8080"]
2023-04-09 19:37:49,242 INFO [restartedMain] o.s.b.w.e.t.TomcatWebServer [TomcatWebServer.java:220] Tomcat started on port(s): 8080 (http) with context path '/community'
2023-04-09 19:37:49,245 INFO [restartedMain] c.n.CommunityApplication [StartupInfoLogger.java:61] Started CommunityApplication in 0.515 seconds (JVM running for 494.909)
2023-04-09 19:37:49,246 INFO [restartedMain] o.s.b.d.a.ConditionEvaluationDeltaLoggingListener [ConditionEvaluationDeltaLoggingListener.java:63] Condition evaluation unchanged
2023-04-09 19:37:52,232 INFO [http-nio-8080-exec-1] o.a.c.c.C.[.[.[/community] [DirectJDKLog.java:173] Initializing Spring DispatcherServlet 'dispatcherServlet'
2023-04-09 19:37:52,233 INFO [http-nio-8080-exec-1] o.s.w.s.DispatcherServlet [FrameworkServlet.java:525] Initializing Servlet 'dispatcherServlet'
2023-04-09 19:37:52,234 INFO [http-nio-8080-exec-1] o.s.w.s.DispatcherServlet [FrameworkServlet.java:547] Completed initialization in 1 ms
2023-04-09 19:37:52,237 INFO [http-nio-8080-exec-1] c.n.a.ServiceLogAspect [ServiceLogAspect.java:44] [0:0:0:0:0:0:0:1][2023-04-09 19:37:52][com.nowcoder.service.UserService.findLoginTicket]
2023-04-09 19:37:52,240 INFO [http-nio-8080-exec-1] c.z.h.HikariDataSource [HikariDataSource.java:110] HikariPool-2 - Starting...
2023-04-09 19:37:52,247 INFO [http-nio-8080-exec-1] c.z.h.HikariDataSource [HikariDataSource.java:123] HikariPool-2 - Start completed.
2023-04-09 19:37:52,250 INFO [http-nio-8080-exec-1] c.n.a.ServiceLogAspect [ServiceLogAspect.java:44] [0:0:0:0:0:0:0:1][2023-04-09 19:37:52][com.nowcoder.service.UserService.findUserById]
2023-04-09 19:37:52,255 INFO [http-nio-8080-exec-1] c.n.a.ServiceLogAspect [ServiceLogAspect.java:44] [0:0:0:0:0:0:0:1][2023-04-09 19:37:52][com.nowcoder.service.DiscussPostService.findDiscussPostRows]
2023-04-09 19:37:52,260 INFO [http-nio-8080-exec-1] c.n.a.ServiceLogAspect [ServiceLogAspect.java:44] [0:0:0:0:0:0:0:1][2023-04-09 19:37:52][com.nowcoder.service.DiscussPostService.findDiscussPosts]
2023-04-09 19:37:52,266 INFO [http-nio-8080-exec-1] c.n.a.ServiceLogAspect [ServiceLogAspect.java:44] [0:0:0:0:0:0:0:1][2023-04-09 19:37:52][com.nowcoder.service.UserService.findUserById]
2023-04-09 19:37:52,268 INFO [http-nio-8080-exec-1] c.n.a.ServiceLogAspect [ServiceLogAspect.java:44] [0:0:0:0:0:0:0:1][2023-04-09 19:37:52][com.nowcoder.service.UserService.findUserById]
2023-04-09 19:37:52,270 INFO [http-nio-8080-exec-1] c.n.a.ServiceLogAspect [ServiceLogAspect.java:44] [0:0:0:0:0:0:0:1][2023-04-09 19:37:52][com.nowcoder.service.UserService.findUserById]
2023-04-09 19:37:52,272 INFO [http-nio-8080-exec-1] c.n.a.ServiceLogAspect [ServiceLogAspect.java:44] [0:0:0:0:0:0:0:1][2023-04-09 19:37:52][com.nowcoder.service.UserService.findUserById]
2023-04-09 19:37:52,274 INFO [http-nio-8080-exec-1] c.n.a.ServiceLogAspect [ServiceLogAspect.java:44] [0:0:0:0:0:0:0:1][2023-04-09 19:37:52][com.nowcoder.service.UserService.findUserById]
2023-04-09 19:37:52,276 INFO [http-nio-8080-exec-1] c.n.a.ServiceLogAspect [ServiceLogAspect.java:44] [0:0:0:0:0:0:0:1][2023-04-09 19:37:52][com.nowcoder.service.UserService.findUserById]
2023-04-09 19:37:52,277 INFO [http-nio-8080-exec-1] c.n.a.ServiceLogAspect [ServiceLogAspect.java:44] [0:0:0:0:0:0:0:1][2023-04-09 19:37:52][com.nowcoder.service.UserService.findUserById]
2023-04-09 19:37:52,279 INFO [http-nio-8080-exec-1] c.n.a.ServiceLogAspect [ServiceLogAspect.java:44] [0:0:0:0:0:0:0:1][2023-04-09 19:37:52][com.nowcoder.service.UserService.findUserById]
2023-04-09 19:37:52,281 INFO [http-nio-8080-exec-1] c.n.a.ServiceLogAspect [ServiceLogAspect.java:44] [0:0:0:0:0:0:0:1][2023-04-09 19:37:52][com.nowcoder.service.UserService.findUserById]
2023-04-09 19:37:52,284 INFO [http-nio-8080-exec-1] c.n.a.ServiceLogAspect [ServiceLogAspect.java:44] [0:0:0:0:0:0:0:1][2023-04-09 19:37:52][com.nowcoder.service.UserService.findUserById]
2023-04-09 19:38:46,058 INFO [http-nio-8080-exec-7] c.n.a.ServiceLogAspect [ServiceLogAspect.java:44] [0:0:0:0:0:0:0:1][2023-04-09 19:38:46][com.nowcoder.service.UserService.findLoginTicket]
2023-04-09 19:38:46,061 INFO [http-nio-8080-exec-7] c.n.a.ServiceLogAspect [ServiceLogAspect.java:44] [0:0:0:0:0:0:0:1][2023-04-09 19:38:46][com.nowcoder.service.UserService.findUserById]
2023-04-09 19:38:46,067 INFO [http-nio-8080-exec-7] c.n.a.ServiceLogAspect [ServiceLogAspect.java:44] [0:0:0:0:0:0:0:1][2023-04-09 19:38:46][com.nowcoder.service.DiscussPostService.findDiscussPostById]
2023-04-09 19:38:46,069 INFO [http-nio-8080-exec-7] c.n.a.ServiceLogAspect [ServiceLogAspect.java:44] [0:0:0:0:0:0:0:1][2023-04-09 19:38:46][com.nowcoder.service.UserService.findUserById]
2023-04-09 19:38:46,071 INFO [http-nio-8080-exec-7] c.n.a.ServiceLogAspect [ServiceLogAspect.java:44] [0:0:0:0:0:0:0:1][2023-04-09 19:38:46][com.nowcoder.service.CommentService.findCommentsByEntity]
2023-04-09 19:38:46,077 INFO [http-nio-8080-exec-7] c.n.a.ServiceLogAspect [ServiceLogAspect.java:44] [0:0:0:0:0:0:0:1][2023-04-09 19:38:46][com.nowcoder.service.UserService.findUserById]
2023-04-09 19:38:46,078 INFO [http-nio-8080-exec-7] c.n.a.ServiceLogAspect [ServiceLogAspect.java:44] [0:0:0:0:0:0:0:1][2023-04-09 19:38:46][com.nowcoder.service.CommentService.findCommentsByEntity]
2023-04-09 19:38:46,080 INFO [http-nio-8080-exec-7] c.n.a.ServiceLogAspect [ServiceLogAspect.java:44] [0:0:0:0:0:0:0:1][2023-04-09 19:38:46][com.nowcoder.service.CommentService.findCommentCount]
2023-04-09 19:38:46,081 INFO [http-nio-8080-exec-7] c.n.a.ServiceLogAspect [ServiceLogAspect.java:44] [0:0:0:0:0:0:0:1][2023-04-09 19:38:46][com.nowcoder.service.UserService.findUserById]
2023-04-09 19:38:46,083 INFO [http-nio-8080-exec-7] c.n.a.ServiceLogAspect [ServiceLogAspect.java:44] [0:0:0:0:0:0:0:1][2023-04-09 19:38:46][com.nowcoder.service.CommentService.findCommentsByEntity]
2023-04-09 19:38:46,084 INFO [http-nio-8080-exec-7] c.n.a.ServiceLogAspect [ServiceLogAspect.java:44] [0:0:0:0:0:0:0:1][2023-04-09 19:38:46][com.nowcoder.service.CommentService.findCommentCount]
2023-04-09 19:38:46,086 INFO [http-nio-8080-exec-7] c.n.a.ServiceLogAspect [ServiceLogAspect.java:44] [0:0:0:0:0:0:0:1][2023-04-09 19:38:46][com.nowcoder.service.UserService.findUserById]
2023-04-09 19:38:46,090 INFO [http-nio-8080-exec-7] c.n.a.ServiceLogAspect [ServiceLogAspect.java:44] [0:0:0:0:0:0:0:1][2023-04-09 19:38:46][com.nowcoder.service.CommentService.findCommentsByEntity]
2023-04-09 19:38:46,092 INFO [http-nio-8080-exec-7] c.n.a.ServiceLogAspect [ServiceLogAspect.java:44] [0:0:0:0:0:0:0:1][2023-04-09 19:38:46][com.nowcoder.service.CommentService.findCommentCount]
2023-04-09 19:38:46,094 INFO [http-nio-8080-exec-7] c.n.a.ServiceLogAspect [ServiceLogAspect.java:44] [0:0:0:0:0:0:0:1][2023-04-09 19:38:46][com.nowcoder.service.UserService.findUserById]
2023-04-09 19:38:46,096 INFO [http-nio-8080-exec-7] c.n.a.ServiceLogAspect [ServiceLogAspect.java:44] [0:0:0:0:0:0:0:1][2023-04-09 19:38:46][com.nowcoder.service.CommentService.findCommentsByEntity]
2023-04-09 19:38:46,098 INFO [http-nio-8080-exec-7] c.n.a.ServiceLogAspect [ServiceLogAspect.java:44] [0:0:0:0:0:0:0:1][2023-04-09 19:38:46][com.nowcoder.service.CommentService.findCommentCount]
2023-04-09 19:38:46,099 INFO [http-nio-8080-exec-7] c.n.a.ServiceLogAspect [ServiceLogAspect.java:44] [0:0:0:0:0:0:0:1][2023-04-09 19:38:46][com.nowcoder.service.UserService.findUserById]
2023-04-09 19:38:46,102 INFO [http-nio-8080-exec-7] c.n.a.ServiceLogAspect [ServiceLogAspect.java:44] [0:0:0:0:0:0:0:1][2023-04-09 19:38:46][com.nowcoder.service.CommentService.findCommentsByEntity]
2023-04-09 19:38:46,104 INFO [http-nio-8080-exec-7] c.n.a.ServiceLogAspect [ServiceLogAspect.java:44] [0:0:0:0:0:0:0:1][2023-04-09 19:38:46][com.nowcoder.service.CommentService.findCommentCount]
2023-04-09 20:38:42,687 INFO [main] c.n.RedisTest [StartupInfoLogger.java:55] Starting RedisTest using Java 1.8.0_351 on LAPTOP-LBLPVU7N with PID 10656 (started by 87068 in D:\hjj\idea\SpringBoot\community)
2023-04-09 20:38:42,689 INFO [main] c.n.RedisTest [SpringApplication.java:631] No active profile set, falling back to 1 default profile: "default"
2023-04-09 20:38:43,576 INFO [main] o.s.d.r.c.RepositoryConfigurationDelegate [RepositoryConfigurationDelegate.java:262] Multiple Spring Data modules found, entering strict repository configuration mode
2023-04-09 20:38:43,579 INFO [main] o.s.d.r.c.RepositoryConfigurationDelegate [RepositoryConfigurationDelegate.java:132] Bootstrapping Spring Data Redis repositories in DEFAULT mode.
2023-04-09 20:38:43,606 INFO [main] o.s.d.r.c.RepositoryConfigurationDelegate [RepositoryConfigurationDelegate.java:201] Finished Spring Data repository scanning in 10 ms. Found 0 Redis repository interfaces.
2023-04-09 20:38:45,768 INFO [main] o.s.b.a.w.s.WelcomePageHandlerMapping [WelcomePageHandlerMapping.java:57] Adding welcome page template: index
2023-04-09 20:38:46,270 INFO [main] c.n.RedisTest [StartupInfoLogger.java:61] Started RedisTest in 4.006 seconds (JVM running for 4.944)
2023-04-09 20:41:18,169 INFO [main] c.n.RedisTest [StartupInfoLogger.java:55] Starting RedisTest using Java 1.8.0_351 on LAPTOP-LBLPVU7N with PID 15000 (started by 87068 in D:\hjj\idea\SpringBoot\community)
2023-04-09 20:41:18,171 INFO [main] c.n.RedisTest [SpringApplication.java:631] No active profile set, falling back to 1 default profile: "default"
2023-04-09 20:41:18,838 INFO [main] o.s.d.r.c.RepositoryConfigurationDelegate [RepositoryConfigurationDelegate.java:262] Multiple Spring Data modules found, entering strict repository configuration mode
2023-04-09 20:41:18,841 INFO [main] o.s.d.r.c.RepositoryConfigurationDelegate [RepositoryConfigurationDelegate.java:132] Bootstrapping Spring Data Redis repositories in DEFAULT mode.
2023-04-09 20:41:18,863 INFO [main] o.s.d.r.c.RepositoryConfigurationDelegate [RepositoryConfigurationDelegate.java:201] Finished Spring Data repository scanning in 9 ms. Found 0 Redis repository interfaces.
2023-04-09 20:41:20,846 INFO [main] o.s.b.a.w.s.WelcomePageHandlerMapping [WelcomePageHandlerMapping.java:57] Adding welcome page template: index
2023-04-09 20:41:21,373 INFO [main] c.n.RedisTest [StartupInfoLogger.java:61] Started RedisTest in 3.598 seconds (JVM running for 4.418)
2023-04-09 20:43:52,635 INFO [main] c.n.RedisTest [StartupInfoLogger.java:55] Starting RedisTest using Java 1.8.0_351 on LAPTOP-LBLPVU7N with PID 11612 (started by 87068 in D:\hjj\idea\SpringBoot\community)
2023-04-09 20:43:52,637 INFO [main] c.n.RedisTest [SpringApplication.java:631] No active profile set, falling back to 1 default profile: "default"
2023-04-09 20:43:53,348 INFO [main] o.s.d.r.c.RepositoryConfigurationDelegate [RepositoryConfigurationDelegate.java:262] Multiple Spring Data modules found, entering strict repository configuration mode
2023-04-09 20:43:53,351 INFO [main] o.s.d.r.c.RepositoryConfigurationDelegate [RepositoryConfigurationDelegate.java:132] Bootstrapping Spring Data Redis repositories in DEFAULT mode.
2023-04-09 20:43:53,373 INFO [main] o.s.d.r.c.RepositoryConfigurationDelegate [RepositoryConfigurationDelegate.java:201] Finished Spring Data repository scanning in 9 ms. Found 0 Redis repository interfaces.
2023-04-09 20:43:55,443 INFO [main] o.s.b.a.w.s.WelcomePageHandlerMapping [WelcomePageHandlerMapping.java:57] Adding welcome page template: index
2023-04-09 20:43:55,961 INFO [main] c.n.RedisTest [StartupInfoLogger.java:61] Started RedisTest in 3.766 seconds (JVM running for 4.572)
2023-04-09 20:46:18,126 INFO [main] c.n.RedisTest [StartupInfoLogger.java:55] Starting RedisTest using Java 1.8.0_351 on LAPTOP-LBLPVU7N with PID 13892 (started by 87068 in D:\hjj\idea\SpringBoot\community)
2023-04-09 20:46:18,128 INFO [main] c.n.RedisTest [SpringApplication.java:631] No active profile set, falling back to 1 default profile: "default"
2023-04-09 20:46:18,807 INFO [main] o.s.d.r.c.RepositoryConfigurationDelegate [RepositoryConfigurationDelegate.java:262] Multiple Spring Data modules found, entering strict repository configuration mode
2023-04-09 20:46:18,809 INFO [main] o.s.d.r.c.RepositoryConfigurationDelegate [RepositoryConfigurationDelegate.java:132] Bootstrapping Spring Data Redis repositories in DEFAULT mode.
2023-04-09 20:46:18,832 INFO [main] o.s.d.r.c.RepositoryConfigurationDelegate [RepositoryConfigurationDelegate.java:201] Finished Spring Data repository scanning in 10 ms. Found 0 Redis repository interfaces.
2023-04-09 20:46:20,843 INFO [main] o.s.b.a.w.s.WelcomePageHandlerMapping [WelcomePageHandlerMapping.java:57] Adding welcome page template: index
2023-04-09 20:46:21,418 INFO [main] c.n.RedisTest [StartupInfoLogger.java:61] Started RedisTest in 3.796 seconds (JVM running for 4.619)
2023-04-09 20:49:17,743 INFO [main] c.n.RedisTest [StartupInfoLogger.java:55] Starting RedisTest using Java 1.8.0_351 on LAPTOP-LBLPVU7N with PID 5400 (started by 87068 in D:\hjj\idea\SpringBoot\community)
2023-04-09 20:49:17,745 INFO [main] c.n.RedisTest [SpringApplication.java:631] No active profile set, falling back to 1 default profile: "default"
2023-04-09 20:49:18,390 INFO [main] o.s.d.r.c.RepositoryConfigurationDelegate [RepositoryConfigurationDelegate.java:262] Multiple Spring Data modules found, entering strict repository configuration mode
2023-04-09 20:49:18,393 INFO [main] o.s.d.r.c.RepositoryConfigurationDelegate [RepositoryConfigurationDelegate.java:132] Bootstrapping Spring Data Redis repositories in DEFAULT mode.
2023-04-09 20:49:18,417 INFO [main] o.s.d.r.c.RepositoryConfigurationDelegate [RepositoryConfigurationDelegate.java:201] Finished Spring Data repository scanning in 10 ms. Found 0 Redis repository interfaces.
2023-04-09 20:49:20,481 INFO [main] o.s.b.a.w.s.WelcomePageHandlerMapping [WelcomePageHandlerMapping.java:57] Adding welcome page template: index
2023-04-09 20:49:20,996 INFO [main] c.n.RedisTest [StartupInfoLogger.java:61] Started RedisTest in 3.661 seconds (JVM running for 4.482)
2023-04-09 20:51:29,633 INFO [main] c.n.RedisTest [StartupInfoLogger.java:55] Starting RedisTest using Java 1.8.0_351 on LAPTOP-LBLPVU7N with PID 14020 (started by 87068 in D:\hjj\idea\SpringBoot\community)
2023-04-09 20:51:29,635 INFO [main] c.n.RedisTest [SpringApplication.java:631] No active profile set, falling back to 1 default profile: "default"
2023-04-09 20:51:30,329 INFO [main] o.s.d.r.c.RepositoryConfigurationDelegate [RepositoryConfigurationDelegate.java:262] Multiple Spring Data modules found, entering strict repository configuration mode
2023-04-09 20:51:30,333 INFO [main] o.s.d.r.c.RepositoryConfigurationDelegate [RepositoryConfigurationDelegate.java:132] Bootstrapping Spring Data Redis repositories in DEFAULT mode.
2023-04-09 20:51:30,357 INFO [main] o.s.d.r.c.RepositoryConfigurationDelegate [RepositoryConfigurationDelegate.java:201] Finished Spring Data repository scanning in 12 ms. Found 0 Redis repository interfaces.
2023-04-09 20:51:32,343 INFO [main] o.s.b.a.w.s.WelcomePageHandlerMapping [WelcomePageHandlerMapping.java:57] Adding welcome page template: index
2023-04-09 20:51:32,860 INFO [main] c.n.RedisTest [StartupInfoLogger.java:61] Started RedisTest in 3.634 seconds (JVM running for 4.453)
2023-04-09 20:54:10,383 INFO [main] c.n.RedisTest [StartupInfoLogger.java:55] Starting RedisTest using Java 1.8.0_351 on LAPTOP-LBLPVU7N with PID 17792 (started by 87068 in D:\hjj\idea\SpringBoot\community)
2023-04-09 20:54:10,384 INFO [main] c.n.RedisTest [SpringApplication.java:631] No active profile set, falling back to 1 default profile: "default"
2023-04-09 20:54:11,092 INFO [main] o.s.d.r.c.RepositoryConfigurationDelegate [RepositoryConfigurationDelegate.java:262] Multiple Spring Data modules found, entering strict repository configuration mode
2023-04-09 20:54:11,094 INFO [main] o.s.d.r.c.RepositoryConfigurationDelegate [RepositoryConfigurationDelegate.java:132] Bootstrapping Spring Data Redis repositories in DEFAULT mode.
2023-04-09 20:54:11,118 INFO [main] o.s.d.r.c.RepositoryConfigurationDelegate [RepositoryConfigurationDelegate.java:201] Finished Spring Data repository scanning in 11 ms. Found 0 Redis repository interfaces.
2023-04-09 20:54:13,066 INFO [main] o.s.b.a.w.s.WelcomePageHandlerMapping [WelcomePageHandlerMapping.java:57] Adding welcome page template: index
2023-04-09 20:54:13,594 INFO [main] c.n.RedisTest [StartupInfoLogger.java:61] Started RedisTest in 3.623 seconds (JVM running for 4.45)
2023-04-09 20:58:48,442 INFO [main] c.n.RedisTest [StartupInfoLogger.java:55] Starting RedisTest using Java 1.8.0_351 on LAPTOP-LBLPVU7N with PID 20404 (started by 87068 in D:\hjj\idea\SpringBoot\community)
2023-04-09 20:58:48,444 INFO [main] c.n.RedisTest [SpringApplication.java:631] No active profile set, falling back to 1 default profile: "default"
2023-04-09 20:58:49,119 INFO [main] o.s.d.r.c.RepositoryConfigurationDelegate [RepositoryConfigurationDelegate.java:262] Multiple Spring Data modules found, entering strict repository configuration mode
2023-04-09 20:58:49,122 INFO [main] o.s.d.r.c.RepositoryConfigurationDelegate [RepositoryConfigurationDelegate.java:132] Bootstrapping Spring Data Redis repositories in DEFAULT mode.
2023-04-09 20:58:49,144 INFO [main] o.s.d.r.c.RepositoryConfigurationDelegate [RepositoryConfigurationDelegate.java:201] Finished Spring Data repository scanning in 10 ms. Found 0 Redis repository interfaces.
2023-04-09 20:58:51,258 INFO [main] o.s.b.a.w.s.WelcomePageHandlerMapping [WelcomePageHandlerMapping.java:57] Adding welcome page template: index
2023-04-09 20:58:51,781 INFO [main] c.n.RedisTest [StartupInfoLogger.java:61] Started RedisTest in 3.767 seconds (JVM running for 4.609)
2023-04-09 20:59:51,031 INFO [main] c.n.RedisTest [StartupInfoLogger.java:55] Starting RedisTest using Java 1.8.0_351 on LAPTOP-LBLPVU7N with PID 9084 (started by 87068 in D:\hjj\idea\SpringBoot\community)
2023-04-09 20:59:51,033 INFO [main] c.n.RedisTest [SpringApplication.java:631] No active profile set, falling back to 1 default profile: "default"
2023-04-09 20:59:51,685 INFO [main] o.s.d.r.c.RepositoryConfigurationDelegate [RepositoryConfigurationDelegate.java:262] Multiple Spring Data modules found, entering strict repository configuration mode
2023-04-09 20:59:51,687 INFO [main] o.s.d.r.c.RepositoryConfigurationDelegate [RepositoryConfigurationDelegate.java:132] Bootstrapping Spring Data Redis repositories in DEFAULT mode.
2023-04-09 20:59:51,709 INFO [main] o.s.d.r.c.RepositoryConfigurationDelegate [RepositoryConfigurationDelegate.java:201] Finished Spring Data repository scanning in 10 ms. Found 0 Redis repository interfaces.
2023-04-09 20:59:53,667 INFO [main] o.s.b.a.w.s.WelcomePageHandlerMapping [WelcomePageHandlerMapping.java:57] Adding welcome page template: index
2023-04-09 20:59:54,187 INFO [main] c.n.RedisTest [StartupInfoLogger.java:61] Started RedisTest in 3.54 seconds (JVM running for 4.351)
2023-04-09 21:00:17,082 INFO [main] c.n.RedisTest [StartupInfoLogger.java:55] Starting RedisTest using Java 1.8.0_351 on LAPTOP-LBLPVU7N with PID 12016 (started by 87068 in D:\hjj\idea\SpringBoot\community)
2023-04-09 21:00:17,084 INFO [main] c.n.RedisTest [SpringApplication.java:631] No active profile set, falling back to 1 default profile: "default"
2023-04-09 21:00:17,749 INFO [main] o.s.d.r.c.RepositoryConfigurationDelegate [RepositoryConfigurationDelegate.java:262] Multiple Spring Data modules found, entering strict repository configuration mode
2023-04-09 21:00:17,752 INFO [main] o.s.d.r.c.RepositoryConfigurationDelegate [RepositoryConfigurationDelegate.java:132] Bootstrapping Spring Data Redis repositories in DEFAULT mode.
2023-04-09 21:00:17,774 INFO [main] o.s.d.r.c.RepositoryConfigurationDelegate [RepositoryConfigurationDelegate.java:201] Finished Spring Data repository scanning in 10 ms. Found 0 Redis repository interfaces.
2023-04-09 21:00:19,728 INFO [main] o.s.b.a.w.s.WelcomePageHandlerMapping [WelcomePageHandlerMapping.java:57] Adding welcome page template: index
2023-04-09 21:00:20,240 INFO [main] c.n.RedisTest [StartupInfoLogger.java:61] Started RedisTest in 3.542 seconds (JVM running for 4.324)
