2023-04-14 15:19:31,407 ERROR [main] o.s.t.c.TestContextManager [TestContextManager.java:250] Caught exception while allowing TestExecutionListener [org.springframework.boot.test.autoconfigure.SpringBootDependencyInjectionTestExecutionListener@7d8995e] to prepare test instance [com.nowcoder.ThreadPoolTest@33060020]
org.springframework.beans.factory.UnsatisfiedDependencyException: Error creating bean with name 'com.nowcoder.ThreadPoolTest': Unsatisfied dependency expressed through field 'taskScheduler'; nested exception is org.springframework.beans.factory.NoSuchBeanDefinitionException: No qualifying bean of type 'org.springframework.scheduling.concurrent.ThreadPoolTaskScheduler' available: expected at least 1 bean which qualifies as autowire candidate. Dependency annotations: {@org.springframework.beans.factory.annotation.Autowired(required=true)}
	at org.springframework.beans.factory.annotation.AutowiredAnnotationBeanPostProcessor$AutowiredFieldElement.inject(AutowiredAnnotationBeanPostProcessor.java:598)
	at org.springframework.beans.factory.annotation.InjectionMetadata.inject(InjectionMetadata.java:90)
	at org.springframework.beans.factory.annotation.AutowiredAnnotationBeanPostProcessor.postProcessProperties(AutowiredAnnotationBeanPostProcessor.java:376)
	at org.springframework.beans.factory.support.AbstractAutowireCapableBeanFactory.populateBean(AbstractAutowireCapableBeanFactory.java:1404)
	at org.springframework.beans.factory.support.AbstractAutowireCapableBeanFactory.autowireBeanProperties(AbstractAutowireCapableBeanFactory.java:391)
	at org.springframework.test.context.support.DependencyInjectionTestExecutionListener.injectDependencies(DependencyInjectionTestExecutionListener.java:119)
	at org.springframework.test.context.support.DependencyInjectionTestExecutionListener.prepareTestInstance(DependencyInjectionTestExecutionListener.java:83)
	at org.springframework.boot.test.autoconfigure.SpringBootDependencyInjectionTestExecutionListener.prepareTestInstance(SpringBootDependencyInjectionTestExecutionListener.java:43)
	at org.springframework.test.context.TestContextManager.prepareTestInstance(TestContextManager.java:246)
	at org.springframework.test.context.junit4.SpringJUnit4ClassRunner.createTest(SpringJUnit4ClassRunner.java:227)
	at org.springframework.test.context.junit4.SpringJUnit4ClassRunner$1.runReflectiveCall(SpringJUnit4ClassRunner.java:289)
	at org.junit.internal.runners.model.ReflectiveCallable.run(ReflectiveCallable.java:12)
	at org.springframework.test.context.junit4.SpringJUnit4ClassRunner.methodBlock(SpringJUnit4ClassRunner.java:291)
	at org.springframework.test.context.junit4.SpringJUnit4ClassRunner.runChild(SpringJUnit4ClassRunner.java:246)
	at org.springframework.test.context.junit4.SpringJUnit4ClassRunner.runChild(SpringJUnit4ClassRunner.java:97)
	at org.junit.runners.ParentRunner$3.run(ParentRunner.java:290)
	at org.junit.runners.ParentRunner$1.schedule(ParentRunner.java:71)
	at org.junit.runners.ParentRunner.runChildren(ParentRunner.java:288)
	at org.junit.runners.ParentRunner.access$000(ParentRunner.java:58)
	at org.junit.runners.ParentRunner$2.evaluate(ParentRunner.java:268)
	at org.springframework.test.context.junit4.statements.RunBeforeTestClassCallbacks.evaluate(RunBeforeTestClassCallbacks.java:61)
	at org.springframework.test.context.junit4.statements.RunAfterTestClassCallbacks.evaluate(RunAfterTestClassCallbacks.java:70)
	at org.junit.runners.ParentRunner.run(ParentRunner.java:363)
	at org.springframework.test.context.junit4.SpringJUnit4ClassRunner.run(SpringJUnit4ClassRunner.java:190)
	at org.junit.runner.JUnitCore.run(JUnitCore.java:137)
	at com.intellij.junit4.JUnit4IdeaTestRunner.startRunnerWithArgs(JUnit4IdeaTestRunner.java:68)
	at com.intellij.rt.junit.IdeaTestRunner$Repeater.startRunnerWithArgs(IdeaTestRunner.java:33)
	at com.intellij.rt.junit.JUnitStarter.prepareStreamsAndStart(JUnitStarter.java:230)
	at com.intellij.rt.junit.JUnitStarter.main(JUnitStarter.java:58)
Caused by: org.springframework.beans.factory.NoSuchBeanDefinitionException: No qualifying bean of type 'org.springframework.scheduling.concurrent.ThreadPoolTaskScheduler' available: expected at least 1 bean which qualifies as autowire candidate. Dependency annotations: {@org.springframework.beans.factory.annotation.Autowired(required=true)}
	at org.springframework.beans.factory.support.DefaultListableBeanFactory.raiseNoMatchingBeanFound(DefaultListableBeanFactory.java:1662)
	at org.springframework.beans.factory.support.DefaultListableBeanFactory.doResolveDependency(DefaultListableBeanFactory.java:1221)
	at org.springframework.beans.factory.support.DefaultListableBeanFactory.resolveDependency(DefaultListableBeanFactory.java:1175)
	at org.springframework.beans.factory.annotation.AutowiredAnnotationBeanPostProcessor$AutowiredFieldElement.inject(AutowiredAnnotationBeanPostProcessor.java:595)
	... 28 common frames omitted
2023-04-14 16:00:18,796 ERROR [restartedMain] o.s.b.SpringApplication [SpringApplication.java:823] Application run failed
org.springframework.beans.factory.BeanCreationException: Error creating bean with name 'quartzScheduler' defined in class path resource [org/springframework/boot/autoconfigure/quartz/QuartzAutoConfiguration.class]: Invocation of init method failed; nested exception is org.quartz.JobPersistenceException: Couldn't retrieve job: Table 'mybatis.qrtz_job_details' doesn't exist [See nested exception: java.sql.SQLSyntaxErrorException: Table 'mybatis.qrtz_job_details' doesn't exist]
	at org.springframework.beans.factory.support.AbstractAutowireCapableBeanFactory.initializeBean(AbstractAutowireCapableBeanFactory.java:1771)
	at org.springframework.beans.factory.support.AbstractAutowireCapableBeanFactory.doCreateBean(AbstractAutowireCapableBeanFactory.java:593)
	at org.springframework.beans.factory.support.AbstractAutowireCapableBeanFactory.createBean(AbstractAutowireCapableBeanFactory.java:515)
	at org.springframework.beans.factory.support.AbstractBeanFactory.lambda$doGetBean$0(AbstractBeanFactory.java:320)
	at org.springframework.beans.factory.support.DefaultSingletonBeanRegistry.getSingleton(DefaultSingletonBeanRegistry.java:222)
	at org.springframework.beans.factory.support.AbstractBeanFactory.doGetBean(AbstractBeanFactory.java:318)
	at org.springframework.beans.factory.support.AbstractBeanFactory.getBean(AbstractBeanFactory.java:199)
	at org.springframework.beans.factory.support.DefaultListableBeanFactory.preInstantiateSingletons(DefaultListableBeanFactory.java:828)
	at org.springframework.context.support.AbstractApplicationContext.finishBeanFactoryInitialization(AbstractApplicationContext.java:877)
	at org.springframework.context.support.AbstractApplicationContext.refresh(AbstractApplicationContext.java:549)
	at org.springframework.boot.web.servlet.context.ServletWebServerApplicationContext.refresh(ServletWebServerApplicationContext.java:141)
	at org.springframework.boot.SpringApplication.refresh(SpringApplication.java:744)
	at org.springframework.boot.SpringApplication.refreshContext(SpringApplication.java:391)
	at org.springframework.boot.SpringApplication.run(SpringApplication.java:312)
	at org.springframework.boot.SpringApplication.run(SpringApplication.java:1215)
	at org.springframework.boot.SpringApplication.run(SpringApplication.java:1204)
	at com.nowcoder.CommunityApplication.main(CommunityApplication.java:18)
	at sun.reflect.NativeMethodAccessorImpl.invoke0(Native Method)
	at sun.reflect.NativeMethodAccessorImpl.invoke(NativeMethodAccessorImpl.java:62)
	at sun.reflect.DelegatingMethodAccessorImpl.invoke(DelegatingMethodAccessorImpl.java:43)
	at java.lang.reflect.Method.invoke(Method.java:498)
	at org.springframework.boot.devtools.restart.RestartLauncher.run(RestartLauncher.java:49)
Caused by: org.quartz.JobPersistenceException: Couldn't retrieve job: Table 'mybatis.qrtz_job_details' doesn't exist
	at org.quartz.impl.jdbcjobstore.JobStoreSupport.retrieveJob(JobStoreSupport.java:1401)
	at org.quartz.impl.jdbcjobstore.JobStoreSupport$9.execute(JobStoreSupport.java:1382)
	at org.quartz.impl.jdbcjobstore.JobStoreCMT.executeInLock(JobStoreCMT.java:245)
	at org.quartz.impl.jdbcjobstore.JobStoreSupport.executeWithoutLock(JobStoreSupport.java:3800)
	at org.quartz.impl.jdbcjobstore.JobStoreSupport.retrieveJob(JobStoreSupport.java:1379)
	at org.quartz.core.QuartzScheduler.getJobDetail(QuartzScheduler.java:1493)
	at org.quartz.impl.StdScheduler.getJobDetail(StdScheduler.java:498)
	at org.springframework.scheduling.quartz.SchedulerAccessor.addJobToScheduler(SchedulerAccessor.java:283)
	at org.springframework.scheduling.quartz.SchedulerAccessor.registerJobsAndTriggers(SchedulerAccessor.java:226)
	at org.springframework.scheduling.quartz.SchedulerFactoryBean.afterPropertiesSet(SchedulerFactoryBean.java:505)
	at org.springframework.beans.factory.support.AbstractAutowireCapableBeanFactory.invokeInitMethods(AbstractAutowireCapableBeanFactory.java:1830)
	at org.springframework.beans.factory.support.AbstractAutowireCapableBeanFactory.initializeBean(AbstractAutowireCapableBeanFactory.java:1767)
	... 21 common frames omitted
Caused by: java.sql.SQLSyntaxErrorException: Table 'mybatis.qrtz_job_details' doesn't exist
	at com.mysql.cj.jdbc.exceptions.SQLError.createSQLException(SQLError.java:120)
	at com.mysql.cj.jdbc.exceptions.SQLExceptionsMapping.translateException(SQLExceptionsMapping.java:122)
	at com.mysql.cj.jdbc.ClientPreparedStatement.executeInternal(ClientPreparedStatement.java:916)
	at com.mysql.cj.jdbc.ClientPreparedStatement.executeQuery(ClientPreparedStatement.java:972)
	at com.zaxxer.hikari.pool.ProxyPreparedStatement.executeQuery(ProxyPreparedStatement.java:52)
	at com.zaxxer.hikari.pool.HikariProxyPreparedStatement.executeQuery(HikariProxyPreparedStatement.java)
	at org.quartz.impl.jdbcjobstore.StdJDBCDelegate.selectJobDetail(StdJDBCDelegate.java:842)
	at org.quartz.impl.jdbcjobstore.JobStoreSupport.retrieveJob(JobStoreSupport.java:1390)
	... 32 common frames omitted
2023-04-14 20:29:44,636 ERROR [http-nio-8080-exec-9] c.n.c.ShareController [ShareController.java:89] 获取长图失败： d:\hjj\wkhtmltopdf\wk-images\2cb5d177eec14ba0ba4d0c8499064df0.png (系统找不到指定的文件。)
2023-04-14 20:33:44,211 ERROR [http-nio-8080-exec-2] c.n.c.ShareController [ShareController.java:89] 获取长图失败： d:\hjj\wkhtmltopdf\wk-images\f2b75370c26d40a1a71e0811a0eb166f.png (系统找不到指定的文件。)
2023-04-14 20:53:36,125 ERROR [http-nio-8080-exec-1] c.n.c.a.ExceptionAdvice [ExceptionAdvice.java:30] 服务器发生异常：
### Error updating database.  Cause: java.sql.SQLException: Incorrect string value: '\xF0\x9F\x98\x8E\x0A\xE7...' for column 'content' at row 1
### The error may exist in file [D:\hjj\idea\SpringBoot\community\target\classes\mapper\DiscussPostMapper.xml]
### The error may involve com.nowcoder.dao.DiscussPostMapper.insertDiscussPost-Inline
### The error occurred while setting parameters
### SQL: insert into community.discuss_post(          user_id,title,content,type,status,create_time,comment_count,score      )         values(?,?,?,?,?,?,?,?)
### Cause: java.sql.SQLException: Incorrect string value: '\xF0\x9F\x98\x8E\x0A\xE7...' for column 'content' at row 1
; uncategorized SQLException; SQL state [HY000]; error code [1366]; Incorrect string value: '\xF0\x9F\x98\x8E\x0A\xE7...' for column 'content' at row 1; nested exception is java.sql.SQLException: Incorrect string value: '\xF0\x9F\x98\x8E\x0A\xE7...' for column 'content' at row 1
2023-04-14 20:53:36,125 ERROR [http-nio-8080-exec-1] c.n.c.a.ExceptionAdvice [ExceptionAdvice.java:32] org.springframework.jdbc.support.AbstractFallbackSQLExceptionTranslator.translate(AbstractFallbackSQLExceptionTranslator.java:89)
2023-04-14 20:53:36,125 ERROR [http-nio-8080-exec-1] c.n.c.a.ExceptionAdvice [ExceptionAdvice.java:32] org.springframework.jdbc.support.AbstractFallbackSQLExceptionTranslator.translate(AbstractFallbackSQLExceptionTranslator.java:81)
2023-04-14 20:53:36,125 ERROR [http-nio-8080-exec-1] c.n.c.a.ExceptionAdvice [ExceptionAdvice.java:32] org.springframework.jdbc.support.AbstractFallbackSQLExceptionTranslator.translate(AbstractFallbackSQLExceptionTranslator.java:81)
2023-04-14 20:53:36,126 ERROR [http-nio-8080-exec-1] c.n.c.a.ExceptionAdvice [ExceptionAdvice.java:32] org.mybatis.spring.MyBatisExceptionTranslator.translateExceptionIfPossible(MyBatisExceptionTranslator.java:88)
2023-04-14 20:53:36,126 ERROR [http-nio-8080-exec-1] c.n.c.a.ExceptionAdvice [ExceptionAdvice.java:32] org.mybatis.spring.SqlSessionTemplate$SqlSessionInterceptor.invoke(SqlSessionTemplate.java:440)
2023-04-14 20:53:36,126 ERROR [http-nio-8080-exec-1] c.n.c.a.ExceptionAdvice [ExceptionAdvice.java:32] com.sun.proxy.$Proxy88.insert(Unknown Source)
2023-04-14 20:53:36,126 ERROR [http-nio-8080-exec-1] c.n.c.a.ExceptionAdvice [ExceptionAdvice.java:32] org.mybatis.spring.SqlSessionTemplate.insert(SqlSessionTemplate.java:271)
2023-04-14 20:53:36,126 ERROR [http-nio-8080-exec-1] c.n.c.a.ExceptionAdvice [ExceptionAdvice.java:32] org.apache.ibatis.binding.MapperMethod.execute(MapperMethod.java:62)
2023-04-14 20:53:36,126 ERROR [http-nio-8080-exec-1] c.n.c.a.ExceptionAdvice [ExceptionAdvice.java:32] org.apache.ibatis.binding.MapperProxy$PlainMethodInvoker.invoke(MapperProxy.java:152)
2023-04-14 20:53:36,126 ERROR [http-nio-8080-exec-1] c.n.c.a.ExceptionAdvice [ExceptionAdvice.java:32] org.apache.ibatis.binding.MapperProxy.invoke(MapperProxy.java:85)
2023-04-14 20:53:36,126 ERROR [http-nio-8080-exec-1] c.n.c.a.ExceptionAdvice [ExceptionAdvice.java:32] com.sun.proxy.$Proxy105.insertDiscussPost(Unknown Source)
2023-04-14 20:53:36,126 ERROR [http-nio-8080-exec-1] c.n.c.a.ExceptionAdvice [ExceptionAdvice.java:32] sun.reflect.NativeMethodAccessorImpl.invoke0(Native Method)
2023-04-14 20:53:36,127 ERROR [http-nio-8080-exec-1] c.n.c.a.ExceptionAdvice [ExceptionAdvice.java:32] sun.reflect.NativeMethodAccessorImpl.invoke(NativeMethodAccessorImpl.java:62)
2023-04-14 20:53:36,127 ERROR [http-nio-8080-exec-1] c.n.c.a.ExceptionAdvice [ExceptionAdvice.java:32] sun.reflect.DelegatingMethodAccessorImpl.invoke(DelegatingMethodAccessorImpl.java:43)
2023-04-14 20:53:36,127 ERROR [http-nio-8080-exec-1] c.n.c.a.ExceptionAdvice [ExceptionAdvice.java:32] java.lang.reflect.Method.invoke(Method.java:498)
2023-04-14 20:53:36,127 ERROR [http-nio-8080-exec-1] c.n.c.a.ExceptionAdvice [ExceptionAdvice.java:32] org.springframework.aop.support.AopUtils.invokeJoinpointUsingReflection(AopUtils.java:343)
2023-04-14 20:53:36,127 ERROR [http-nio-8080-exec-1] c.n.c.a.ExceptionAdvice [ExceptionAdvice.java:32] org.springframework.aop.framework.ReflectiveMethodInvocation.invokeJoinpoint(ReflectiveMethodInvocation.java:198)
2023-04-14 20:53:36,127 ERROR [http-nio-8080-exec-1] c.n.c.a.ExceptionAdvice [ExceptionAdvice.java:32] org.springframework.aop.framework.ReflectiveMethodInvocation.proceed(ReflectiveMethodInvocation.java:163)
2023-04-14 20:53:36,127 ERROR [http-nio-8080-exec-1] c.n.c.a.ExceptionAdvice [ExceptionAdvice.java:32] org.springframework.dao.support.PersistenceExceptionTranslationInterceptor.invoke(PersistenceExceptionTranslationInterceptor.java:139)
2023-04-14 20:53:36,127 ERROR [http-nio-8080-exec-1] c.n.c.a.ExceptionAdvice [ExceptionAdvice.java:32] org.springframework.aop.framework.ReflectiveMethodInvocation.proceed(ReflectiveMethodInvocation.java:186)
2023-04-14 20:53:36,127 ERROR [http-nio-8080-exec-1] c.n.c.a.ExceptionAdvice [ExceptionAdvice.java:32] org.springframework.aop.framework.JdkDynamicAopProxy.invoke(JdkDynamicAopProxy.java:212)
2023-04-14 20:53:36,127 ERROR [http-nio-8080-exec-1] c.n.c.a.ExceptionAdvice [ExceptionAdvice.java:32] com.sun.proxy.$Proxy106.insertDiscussPost(Unknown Source)
2023-04-14 20:53:36,128 ERROR [http-nio-8080-exec-1] c.n.c.a.ExceptionAdvice [ExceptionAdvice.java:32] com.nowcoder.service.DiscussPostService.addDiscussPost(DiscussPostService.java:49)
2023-04-14 20:53:36,128 ERROR [http-nio-8080-exec-1] c.n.c.a.ExceptionAdvice [ExceptionAdvice.java:32] com.nowcoder.service.DiscussPostService$$FastClassBySpringCGLIB$$2f83de40.invoke(<generated>)
2023-04-14 20:53:36,128 ERROR [http-nio-8080-exec-1] c.n.c.a.ExceptionAdvice [ExceptionAdvice.java:32] org.springframework.cglib.proxy.MethodProxy.invoke(MethodProxy.java:218)
2023-04-14 20:53:36,128 ERROR [http-nio-8080-exec-1] c.n.c.a.ExceptionAdvice [ExceptionAdvice.java:32] org.springframework.aop.framework.CglibAopProxy$CglibMethodInvocation.invokeJoinpoint(CglibAopProxy.java:750)
2023-04-14 20:53:36,128 ERROR [http-nio-8080-exec-1] c.n.c.a.ExceptionAdvice [ExceptionAdvice.java:32] org.springframework.aop.framework.ReflectiveMethodInvocation.proceed(ReflectiveMethodInvocation.java:163)
2023-04-14 20:53:36,128 ERROR [http-nio-8080-exec-1] c.n.c.a.ExceptionAdvice [ExceptionAdvice.java:32] org.springframework.aop.framework.adapter.MethodBeforeAdviceInterceptor.invoke(MethodBeforeAdviceInterceptor.java:56)
2023-04-14 20:53:36,128 ERROR [http-nio-8080-exec-1] c.n.c.a.ExceptionAdvice [ExceptionAdvice.java:32] org.springframework.aop.framework.ReflectiveMethodInvocation.proceed(ReflectiveMethodInvocation.java:186)
2023-04-14 20:53:36,128 ERROR [http-nio-8080-exec-1] c.n.c.a.ExceptionAdvice [ExceptionAdvice.java:32] org.springframework.aop.interceptor.ExposeInvocationInterceptor.invoke(ExposeInvocationInterceptor.java:93)
2023-04-14 20:53:36,128 ERROR [http-nio-8080-exec-1] c.n.c.a.ExceptionAdvice [ExceptionAdvice.java:32] org.springframework.aop.framework.ReflectiveMethodInvocation.proceed(ReflectiveMethodInvocation.java:186)
2023-04-14 20:53:36,129 ERROR [http-nio-8080-exec-1] c.n.c.a.ExceptionAdvice [ExceptionAdvice.java:32] org.springframework.aop.framework.CglibAopProxy$DynamicAdvisedInterceptor.intercept(CglibAopProxy.java:689)
2023-04-14 20:53:36,129 ERROR [http-nio-8080-exec-1] c.n.c.a.ExceptionAdvice [ExceptionAdvice.java:32] com.nowcoder.service.DiscussPostService$$EnhancerBySpringCGLIB$$60e3ac81.addDiscussPost(<generated>)
2023-04-14 20:53:36,129 ERROR [http-nio-8080-exec-1] c.n.c.a.ExceptionAdvice [ExceptionAdvice.java:32] com.nowcoder.controller.DiscussPostController.addDiscussPost(DiscussPostController.java:70)
2023-04-14 20:53:36,129 ERROR [http-nio-8080-exec-1] c.n.c.a.ExceptionAdvice [ExceptionAdvice.java:32] sun.reflect.NativeMethodAccessorImpl.invoke0(Native Method)
2023-04-14 20:53:36,129 ERROR [http-nio-8080-exec-1] c.n.c.a.ExceptionAdvice [ExceptionAdvice.java:32] sun.reflect.NativeMethodAccessorImpl.invoke(NativeMethodAccessorImpl.java:62)
2023-04-14 20:53:36,129 ERROR [http-nio-8080-exec-1] c.n.c.a.ExceptionAdvice [ExceptionAdvice.java:32] sun.reflect.DelegatingMethodAccessorImpl.invoke(DelegatingMethodAccessorImpl.java:43)
2023-04-14 20:53:36,129 ERROR [http-nio-8080-exec-1] c.n.c.a.ExceptionAdvice [ExceptionAdvice.java:32] java.lang.reflect.Method.invoke(Method.java:498)
2023-04-14 20:53:36,129 ERROR [http-nio-8080-exec-1] c.n.c.a.ExceptionAdvice [ExceptionAdvice.java:32] org.springframework.web.method.support.InvocableHandlerMethod.doInvoke(InvocableHandlerMethod.java:190)
2023-04-14 20:53:36,129 ERROR [http-nio-8080-exec-1] c.n.c.a.ExceptionAdvice [ExceptionAdvice.java:32] org.springframework.web.method.support.InvocableHandlerMethod.invokeForRequest(InvocableHandlerMethod.java:138)
2023-04-14 20:53:36,129 ERROR [http-nio-8080-exec-1] c.n.c.a.ExceptionAdvice [ExceptionAdvice.java:32] org.springframework.web.servlet.mvc.method.annotation.ServletInvocableHandlerMethod.invokeAndHandle(ServletInvocableHandlerMethod.java:105)
2023-04-14 20:53:36,130 ERROR [http-nio-8080-exec-1] c.n.c.a.ExceptionAdvice [ExceptionAdvice.java:32] org.springframework.web.servlet.mvc.method.annotation.RequestMappingHandlerAdapter.invokeHandlerMethod(RequestMappingHandlerAdapter.java:893)
2023-04-14 20:53:36,130 ERROR [http-nio-8080-exec-1] c.n.c.a.ExceptionAdvice [ExceptionAdvice.java:32] org.springframework.web.servlet.mvc.method.annotation.RequestMappingHandlerAdapter.handleInternal(RequestMappingHandlerAdapter.java:798)
2023-04-14 20:53:36,130 ERROR [http-nio-8080-exec-1] c.n.c.a.ExceptionAdvice [ExceptionAdvice.java:32] org.springframework.web.servlet.mvc.method.AbstractHandlerMethodAdapter.handle(AbstractHandlerMethodAdapter.java:87)
2023-04-14 20:53:36,130 ERROR [http-nio-8080-exec-1] c.n.c.a.ExceptionAdvice [ExceptionAdvice.java:32] org.springframework.web.servlet.DispatcherServlet.doDispatch(DispatcherServlet.java:1040)
2023-04-14 20:53:36,130 ERROR [http-nio-8080-exec-1] c.n.c.a.ExceptionAdvice [ExceptionAdvice.java:32] org.springframework.web.servlet.DispatcherServlet.doService(DispatcherServlet.java:943)
2023-04-14 20:53:36,130 ERROR [http-nio-8080-exec-1] c.n.c.a.ExceptionAdvice [ExceptionAdvice.java:32] org.springframework.web.servlet.FrameworkServlet.processRequest(FrameworkServlet.java:1006)
2023-04-14 20:53:36,130 ERROR [http-nio-8080-exec-1] c.n.c.a.ExceptionAdvice [ExceptionAdvice.java:32] org.springframework.web.servlet.FrameworkServlet.doPost(FrameworkServlet.java:909)
2023-04-14 20:53:36,130 ERROR [http-nio-8080-exec-1] c.n.c.a.ExceptionAdvice [ExceptionAdvice.java:32] javax.servlet.http.HttpServlet.service(HttpServlet.java:660)
2023-04-14 20:53:36,130 ERROR [http-nio-8080-exec-1] c.n.c.a.ExceptionAdvice [ExceptionAdvice.java:32] org.springframework.web.servlet.FrameworkServlet.service(FrameworkServlet.java:883)
2023-04-14 20:53:36,131 ERROR [http-nio-8080-exec-1] c.n.c.a.ExceptionAdvice [ExceptionAdvice.java:32] javax.servlet.http.HttpServlet.service(HttpServlet.java:741)
2023-04-14 20:53:36,131 ERROR [http-nio-8080-exec-1] c.n.c.a.ExceptionAdvice [ExceptionAdvice.java:32] org.apache.catalina.core.ApplicationFilterChain.internalDoFilter(ApplicationFilterChain.java:231)
2023-04-14 20:53:36,131 ERROR [http-nio-8080-exec-1] c.n.c.a.ExceptionAdvice [ExceptionAdvice.java:32] org.apache.catalina.core.ApplicationFilterChain.doFilter(ApplicationFilterChain.java:166)
2023-04-14 20:53:36,131 ERROR [http-nio-8080-exec-1] c.n.c.a.ExceptionAdvice [ExceptionAdvice.java:32] org.apache.tomcat.websocket.server.WsFilter.doFilter(WsFilter.java:53)
2023-04-14 20:53:36,131 ERROR [http-nio-8080-exec-1] c.n.c.a.ExceptionAdvice [ExceptionAdvice.java:32] org.apache.catalina.core.ApplicationFilterChain.internalDoFilter(ApplicationFilterChain.java:193)
2023-04-14 20:53:36,131 ERROR [http-nio-8080-exec-1] c.n.c.a.ExceptionAdvice [ExceptionAdvice.java:32] org.apache.catalina.core.ApplicationFilterChain.doFilter(ApplicationFilterChain.java:166)
2023-04-14 20:53:36,131 ERROR [http-nio-8080-exec-1] c.n.c.a.ExceptionAdvice [ExceptionAdvice.java:32] org.springframework.security.web.FilterChainProxy$VirtualFilterChain.doFilter(FilterChainProxy.java:320)
2023-04-14 20:53:36,131 ERROR [http-nio-8080-exec-1] c.n.c.a.ExceptionAdvice [ExceptionAdvice.java:32] org.springframework.security.web.access.intercept.FilterSecurityInterceptor.invoke(FilterSecurityInterceptor.java:127)
2023-04-14 20:53:36,131 ERROR [http-nio-8080-exec-1] c.n.c.a.ExceptionAdvice [ExceptionAdvice.java:32] org.springframework.security.web.access.intercept.FilterSecurityInterceptor.doFilter(FilterSecurityInterceptor.java:91)
2023-04-14 20:53:36,131 ERROR [http-nio-8080-exec-1] c.n.c.a.ExceptionAdvice [ExceptionAdvice.java:32] org.springframework.security.web.FilterChainProxy$VirtualFilterChain.doFilter(FilterChainProxy.java:334)
2023-04-14 20:53:36,132 ERROR [http-nio-8080-exec-1] c.n.c.a.ExceptionAdvice [ExceptionAdvice.java:32] org.springframework.security.web.access.ExceptionTranslationFilter.doFilter(ExceptionTranslationFilter.java:119)
2023-04-14 20:53:36,132 ERROR [http-nio-8080-exec-1] c.n.c.a.ExceptionAdvice [ExceptionAdvice.java:32] org.springframework.security.web.FilterChainProxy$VirtualFilterChain.doFilter(FilterChainProxy.java:334)
2023-04-14 20:53:36,132 ERROR [http-nio-8080-exec-1] c.n.c.a.ExceptionAdvice [ExceptionAdvice.java:32] org.springframework.security.web.session.SessionManagementFilter.doFilter(SessionManagementFilter.java:137)
2023-04-14 20:53:36,132 ERROR [http-nio-8080-exec-1] c.n.c.a.ExceptionAdvice [ExceptionAdvice.java:32] org.springframework.security.web.FilterChainProxy$VirtualFilterChain.doFilter(FilterChainProxy.java:334)
2023-04-14 20:53:36,132 ERROR [http-nio-8080-exec-1] c.n.c.a.ExceptionAdvice [ExceptionAdvice.java:32] org.springframework.security.web.authentication.AnonymousAuthenticationFilter.doFilter(AnonymousAuthenticationFilter.java:111)
2023-04-14 20:53:36,132 ERROR [http-nio-8080-exec-1] c.n.c.a.ExceptionAdvice [ExceptionAdvice.java:32] org.springframework.security.web.FilterChainProxy$VirtualFilterChain.doFilter(FilterChainProxy.java:334)
2023-04-14 20:53:36,132 ERROR [http-nio-8080-exec-1] c.n.c.a.ExceptionAdvice [ExceptionAdvice.java:32] org.springframework.security.web.servletapi.SecurityContextHolderAwareRequestFilter.doFilter(SecurityContextHolderAwareRequestFilter.java:170)
2023-04-14 20:53:36,132 ERROR [http-nio-8080-exec-1] c.n.c.a.ExceptionAdvice [ExceptionAdvice.java:32] org.springframework.security.web.FilterChainProxy$VirtualFilterChain.doFilter(FilterChainProxy.java:334)
2023-04-14 20:53:36,132 ERROR [http-nio-8080-exec-1] c.n.c.a.ExceptionAdvice [ExceptionAdvice.java:32] org.springframework.security.web.savedrequest.RequestCacheAwareFilter.doFilter(RequestCacheAwareFilter.java:63)
2023-04-14 20:53:36,133 ERROR [http-nio-8080-exec-1] c.n.c.a.ExceptionAdvice [ExceptionAdvice.java:32] org.springframework.security.web.FilterChainProxy$VirtualFilterChain.doFilter(FilterChainProxy.java:334)
2023-04-14 20:53:36,133 ERROR [http-nio-8080-exec-1] c.n.c.a.ExceptionAdvice [ExceptionAdvice.java:32] org.springframework.security.web.authentication.logout.LogoutFilter.doFilter(LogoutFilter.java:116)
2023-04-14 20:53:36,133 ERROR [http-nio-8080-exec-1] c.n.c.a.ExceptionAdvice [ExceptionAdvice.java:32] org.springframework.security.web.FilterChainProxy$VirtualFilterChain.doFilter(FilterChainProxy.java:334)
2023-04-14 20:53:36,133 ERROR [http-nio-8080-exec-1] c.n.c.a.ExceptionAdvice [ExceptionAdvice.java:32] org.springframework.security.web.header.HeaderWriterFilter.doFilterInternal(HeaderWriterFilter.java:74)
2023-04-14 20:53:36,133 ERROR [http-nio-8080-exec-1] c.n.c.a.ExceptionAdvice [ExceptionAdvice.java:32] org.springframework.web.filter.OncePerRequestFilter.doFilter(OncePerRequestFilter.java:119)
2023-04-14 20:53:36,133 ERROR [http-nio-8080-exec-1] c.n.c.a.ExceptionAdvice [ExceptionAdvice.java:32] org.springframework.security.web.FilterChainProxy$VirtualFilterChain.doFilter(FilterChainProxy.java:334)
2023-04-14 20:53:36,133 ERROR [http-nio-8080-exec-1] c.n.c.a.ExceptionAdvice [ExceptionAdvice.java:32] org.springframework.security.web.context.SecurityContextPersistenceFilter.doFilter(SecurityContextPersistenceFilter.java:105)
2023-04-14 20:53:36,133 ERROR [http-nio-8080-exec-1] c.n.c.a.ExceptionAdvice [ExceptionAdvice.java:32] org.springframework.security.web.FilterChainProxy$VirtualFilterChain.doFilter(FilterChainProxy.java:334)
2023-04-14 20:53:36,133 ERROR [http-nio-8080-exec-1] c.n.c.a.ExceptionAdvice [ExceptionAdvice.java:32] org.springframework.security.web.context.request.async.WebAsyncManagerIntegrationFilter.doFilterInternal(WebAsyncManagerIntegrationFilter.java:56)
2023-04-14 20:53:36,134 ERROR [http-nio-8080-exec-1] c.n.c.a.ExceptionAdvice [ExceptionAdvice.java:32] org.springframework.web.filter.OncePerRequestFilter.doFilter(OncePerRequestFilter.java:119)
2023-04-14 20:53:36,134 ERROR [http-nio-8080-exec-1] c.n.c.a.ExceptionAdvice [ExceptionAdvice.java:32] org.springframework.security.web.FilterChainProxy$VirtualFilterChain.doFilter(FilterChainProxy.java:334)
2023-04-14 20:53:36,134 ERROR [http-nio-8080-exec-1] c.n.c.a.ExceptionAdvice [ExceptionAdvice.java:32] org.springframework.security.web.FilterChainProxy.doFilterInternal(FilterChainProxy.java:215)
2023-04-14 20:53:36,134 ERROR [http-nio-8080-exec-1] c.n.c.a.ExceptionAdvice [ExceptionAdvice.java:32] org.springframework.security.web.FilterChainProxy.doFilter(FilterChainProxy.java:178)
2023-04-14 20:53:36,134 ERROR [http-nio-8080-exec-1] c.n.c.a.ExceptionAdvice [ExceptionAdvice.java:32] org.springframework.web.filter.DelegatingFilterProxy.invokeDelegate(DelegatingFilterProxy.java:358)
2023-04-14 20:53:36,134 ERROR [http-nio-8080-exec-1] c.n.c.a.ExceptionAdvice [ExceptionAdvice.java:32] org.springframework.web.filter.DelegatingFilterProxy.doFilter(DelegatingFilterProxy.java:271)
2023-04-14 20:53:36,134 ERROR [http-nio-8080-exec-1] c.n.c.a.ExceptionAdvice [ExceptionAdvice.java:32] org.apache.catalina.core.ApplicationFilterChain.internalDoFilter(ApplicationFilterChain.java:193)
2023-04-14 20:53:36,134 ERROR [http-nio-8080-exec-1] c.n.c.a.ExceptionAdvice [ExceptionAdvice.java:32] org.apache.catalina.core.ApplicationFilterChain.doFilter(ApplicationFilterChain.java:166)
2023-04-14 20:53:36,134 ERROR [http-nio-8080-exec-1] c.n.c.a.ExceptionAdvice [ExceptionAdvice.java:32] org.springframework.web.filter.RequestContextFilter.doFilterInternal(RequestContextFilter.java:100)
2023-04-14 20:53:36,135 ERROR [http-nio-8080-exec-1] c.n.c.a.ExceptionAdvice [ExceptionAdvice.java:32] org.springframework.web.filter.OncePerRequestFilter.doFilter(OncePerRequestFilter.java:119)
2023-04-14 20:53:36,135 ERROR [http-nio-8080-exec-1] c.n.c.a.ExceptionAdvice [ExceptionAdvice.java:32] org.apache.catalina.core.ApplicationFilterChain.internalDoFilter(ApplicationFilterChain.java:193)
2023-04-14 20:53:36,135 ERROR [http-nio-8080-exec-1] c.n.c.a.ExceptionAdvice [ExceptionAdvice.java:32] org.apache.catalina.core.ApplicationFilterChain.doFilter(ApplicationFilterChain.java:166)
2023-04-14 20:53:36,135 ERROR [http-nio-8080-exec-1] c.n.c.a.ExceptionAdvice [ExceptionAdvice.java:32] org.springframework.web.filter.FormContentFilter.doFilterInternal(FormContentFilter.java:93)
2023-04-14 20:53:36,135 ERROR [http-nio-8080-exec-1] c.n.c.a.ExceptionAdvice [ExceptionAdvice.java:32] org.springframework.web.filter.OncePerRequestFilter.doFilter(OncePerRequestFilter.java:119)
2023-04-14 20:53:36,135 ERROR [http-nio-8080-exec-1] c.n.c.a.ExceptionAdvice [ExceptionAdvice.java:32] org.apache.catalina.core.ApplicationFilterChain.internalDoFilter(ApplicationFilterChain.java:193)
2023-04-14 20:53:36,135 ERROR [http-nio-8080-exec-1] c.n.c.a.ExceptionAdvice [ExceptionAdvice.java:32] org.apache.catalina.core.ApplicationFilterChain.doFilter(ApplicationFilterChain.java:166)
2023-04-14 20:53:36,135 ERROR [http-nio-8080-exec-1] c.n.c.a.ExceptionAdvice [ExceptionAdvice.java:32] org.springframework.web.filter.HiddenHttpMethodFilter.doFilterInternal(HiddenHttpMethodFilter.java:94)
2023-04-14 20:53:36,135 ERROR [http-nio-8080-exec-1] c.n.c.a.ExceptionAdvice [ExceptionAdvice.java:32] org.springframework.web.filter.OncePerRequestFilter.doFilter(OncePerRequestFilter.java:119)
2023-04-14 20:53:36,135 ERROR [http-nio-8080-exec-1] c.n.c.a.ExceptionAdvice [ExceptionAdvice.java:32] org.apache.catalina.core.ApplicationFilterChain.internalDoFilter(ApplicationFilterChain.java:193)
2023-04-14 20:53:36,136 ERROR [http-nio-8080-exec-1] c.n.c.a.ExceptionAdvice [ExceptionAdvice.java:32] org.apache.catalina.core.ApplicationFilterChain.doFilter(ApplicationFilterChain.java:166)
2023-04-14 20:53:36,136 ERROR [http-nio-8080-exec-1] c.n.c.a.ExceptionAdvice [ExceptionAdvice.java:32] org.springframework.web.filter.CharacterEncodingFilter.doFilterInternal(CharacterEncodingFilter.java:201)
2023-04-14 20:53:36,136 ERROR [http-nio-8080-exec-1] c.n.c.a.ExceptionAdvice [ExceptionAdvice.java:32] org.springframework.web.filter.OncePerRequestFilter.doFilter(OncePerRequestFilter.java:119)
2023-04-14 20:53:36,136 ERROR [http-nio-8080-exec-1] c.n.c.a.ExceptionAdvice [ExceptionAdvice.java:32] org.apache.catalina.core.ApplicationFilterChain.internalDoFilter(ApplicationFilterChain.java:193)
2023-04-14 20:53:36,136 ERROR [http-nio-8080-exec-1] c.n.c.a.ExceptionAdvice [ExceptionAdvice.java:32] org.apache.catalina.core.ApplicationFilterChain.doFilter(ApplicationFilterChain.java:166)
2023-04-14 20:53:36,136 ERROR [http-nio-8080-exec-1] c.n.c.a.ExceptionAdvice [ExceptionAdvice.java:32] org.apache.catalina.core.StandardWrapperValve.invoke(StandardWrapperValve.java:202)
2023-04-14 20:53:36,136 ERROR [http-nio-8080-exec-1] c.n.c.a.ExceptionAdvice [ExceptionAdvice.java:32] org.apache.catalina.core.StandardContextValve.invoke(StandardContextValve.java:96)
2023-04-14 20:53:36,136 ERROR [http-nio-8080-exec-1] c.n.c.a.ExceptionAdvice [ExceptionAdvice.java:32] org.apache.catalina.authenticator.AuthenticatorBase.invoke(AuthenticatorBase.java:541)
2023-04-14 20:53:36,136 ERROR [http-nio-8080-exec-1] c.n.c.a.ExceptionAdvice [ExceptionAdvice.java:32] org.apache.catalina.core.StandardHostValve.invoke(StandardHostValve.java:139)
2023-04-14 20:53:36,137 ERROR [http-nio-8080-exec-1] c.n.c.a.ExceptionAdvice [ExceptionAdvice.java:32] org.apache.catalina.valves.ErrorReportValve.invoke(ErrorReportValve.java:92)
2023-04-14 20:53:36,137 ERROR [http-nio-8080-exec-1] c.n.c.a.ExceptionAdvice [ExceptionAdvice.java:32] org.apache.catalina.core.StandardEngineValve.invoke(StandardEngineValve.java:74)
2023-04-14 20:53:36,137 ERROR [http-nio-8080-exec-1] c.n.c.a.ExceptionAdvice [ExceptionAdvice.java:32] org.apache.catalina.connector.CoyoteAdapter.service(CoyoteAdapter.java:343)
2023-04-14 20:53:36,137 ERROR [http-nio-8080-exec-1] c.n.c.a.ExceptionAdvice [ExceptionAdvice.java:32] org.apache.coyote.http11.Http11Processor.service(Http11Processor.java:367)
2023-04-14 20:53:36,137 ERROR [http-nio-8080-exec-1] c.n.c.a.ExceptionAdvice [ExceptionAdvice.java:32] org.apache.coyote.AbstractProcessorLight.process(AbstractProcessorLight.java:65)
2023-04-14 20:53:36,137 ERROR [http-nio-8080-exec-1] c.n.c.a.ExceptionAdvice [ExceptionAdvice.java:32] org.apache.coyote.AbstractProtocol$ConnectionHandler.process(AbstractProtocol.java:860)
2023-04-14 20:53:36,137 ERROR [http-nio-8080-exec-1] c.n.c.a.ExceptionAdvice [ExceptionAdvice.java:32] org.apache.tomcat.util.net.NioEndpoint$SocketProcessor.doRun(NioEndpoint.java:1598)
2023-04-14 20:53:36,137 ERROR [http-nio-8080-exec-1] c.n.c.a.ExceptionAdvice [ExceptionAdvice.java:32] org.apache.tomcat.util.net.SocketProcessorBase.run(SocketProcessorBase.java:49)
2023-04-14 20:53:36,137 ERROR [http-nio-8080-exec-1] c.n.c.a.ExceptionAdvice [ExceptionAdvice.java:32] java.util.concurrent.ThreadPoolExecutor.runWorker(ThreadPoolExecutor.java:1149)
2023-04-14 20:53:36,137 ERROR [http-nio-8080-exec-1] c.n.c.a.ExceptionAdvice [ExceptionAdvice.java:32] java.util.concurrent.ThreadPoolExecutor$Worker.run(ThreadPoolExecutor.java:624)
2023-04-14 20:53:36,138 ERROR [http-nio-8080-exec-1] c.n.c.a.ExceptionAdvice [ExceptionAdvice.java:32] org.apache.tomcat.util.threads.TaskThread$WrappingRunnable.run(TaskThread.java:61)
2023-04-14 20:53:36,138 ERROR [http-nio-8080-exec-1] c.n.c.a.ExceptionAdvice [ExceptionAdvice.java:32] java.lang.Thread.run(Thread.java:750)
2023-04-14 20:58:08,390 ERROR [http-nio-8080-exec-7] c.n.c.a.ExceptionAdvice [ExceptionAdvice.java:30] 服务器发生异常：
### Error updating database.  Cause: java.sql.SQLException: Incorrect string value: '\xF0\x9F\x98\x8E\x0D\x0A...' for column 'content' at row 1
### The error may exist in file [D:\hjj\idea\SpringBoot\community\target\classes\mapper\CommentMapper.xml]
### The error may involve com.nowcoder.dao.CommentMapper.insertComment-Inline
### The error occurred while setting parameters
### SQL: insert into community.comment(          user_id, entity_type, entity_id, target_id, content, status, create_time      )         values (?, ?, ?, ?, ?, ?, ?)
### Cause: java.sql.SQLException: Incorrect string value: '\xF0\x9F\x98\x8E\x0D\x0A...' for column 'content' at row 1
; uncategorized SQLException; SQL state [HY000]; error code [1366]; Incorrect string value: '\xF0\x9F\x98\x8E\x0D\x0A...' for column 'content' at row 1; nested exception is java.sql.SQLException: Incorrect string value: '\xF0\x9F\x98\x8E\x0D\x0A...' for column 'content' at row 1
2023-04-14 20:58:08,391 ERROR [http-nio-8080-exec-7] c.n.c.a.ExceptionAdvice [ExceptionAdvice.java:32] org.springframework.jdbc.support.AbstractFallbackSQLExceptionTranslator.translate(AbstractFallbackSQLExceptionTranslator.java:89)
2023-04-14 20:58:08,391 ERROR [http-nio-8080-exec-7] c.n.c.a.ExceptionAdvice [ExceptionAdvice.java:32] org.springframework.jdbc.support.AbstractFallbackSQLExceptionTranslator.translate(AbstractFallbackSQLExceptionTranslator.java:81)
2023-04-14 20:58:08,391 ERROR [http-nio-8080-exec-7] c.n.c.a.ExceptionAdvice [ExceptionAdvice.java:32] org.springframework.jdbc.support.AbstractFallbackSQLExceptionTranslator.translate(AbstractFallbackSQLExceptionTranslator.java:81)
2023-04-14 20:58:08,391 ERROR [http-nio-8080-exec-7] c.n.c.a.ExceptionAdvice [ExceptionAdvice.java:32] org.mybatis.spring.MyBatisExceptionTranslator.translateExceptionIfPossible(MyBatisExceptionTranslator.java:88)
2023-04-14 20:58:08,391 ERROR [http-nio-8080-exec-7] c.n.c.a.ExceptionAdvice [ExceptionAdvice.java:32] org.mybatis.spring.SqlSessionTemplate$SqlSessionInterceptor.invoke(SqlSessionTemplate.java:440)
2023-04-14 20:58:08,391 ERROR [http-nio-8080-exec-7] c.n.c.a.ExceptionAdvice [ExceptionAdvice.java:32] com.sun.proxy.$Proxy88.insert(Unknown Source)
2023-04-14 20:58:08,391 ERROR [http-nio-8080-exec-7] c.n.c.a.ExceptionAdvice [ExceptionAdvice.java:32] org.mybatis.spring.SqlSessionTemplate.insert(SqlSessionTemplate.java:271)
2023-04-14 20:58:08,391 ERROR [http-nio-8080-exec-7] c.n.c.a.ExceptionAdvice [ExceptionAdvice.java:32] org.apache.ibatis.binding.MapperMethod.execute(MapperMethod.java:62)
2023-04-14 20:58:08,392 ERROR [http-nio-8080-exec-7] c.n.c.a.ExceptionAdvice [ExceptionAdvice.java:32] org.apache.ibatis.binding.MapperProxy$PlainMethodInvoker.invoke(MapperProxy.java:152)
2023-04-14 20:58:08,392 ERROR [http-nio-8080-exec-7] c.n.c.a.ExceptionAdvice [ExceptionAdvice.java:32] org.apache.ibatis.binding.MapperProxy.invoke(MapperProxy.java:85)
2023-04-14 20:58:08,392 ERROR [http-nio-8080-exec-7] c.n.c.a.ExceptionAdvice [ExceptionAdvice.java:32] com.sun.proxy.$Proxy103.insertComment(Unknown Source)
2023-04-14 20:58:08,392 ERROR [http-nio-8080-exec-7] c.n.c.a.ExceptionAdvice [ExceptionAdvice.java:32] sun.reflect.NativeMethodAccessorImpl.invoke0(Native Method)
2023-04-14 20:58:08,392 ERROR [http-nio-8080-exec-7] c.n.c.a.ExceptionAdvice [ExceptionAdvice.java:32] sun.reflect.NativeMethodAccessorImpl.invoke(NativeMethodAccessorImpl.java:62)
2023-04-14 20:58:08,392 ERROR [http-nio-8080-exec-7] c.n.c.a.ExceptionAdvice [ExceptionAdvice.java:32] sun.reflect.DelegatingMethodAccessorImpl.invoke(DelegatingMethodAccessorImpl.java:43)
2023-04-14 20:58:08,392 ERROR [http-nio-8080-exec-7] c.n.c.a.ExceptionAdvice [ExceptionAdvice.java:32] java.lang.reflect.Method.invoke(Method.java:498)
2023-04-14 20:58:08,392 ERROR [http-nio-8080-exec-7] c.n.c.a.ExceptionAdvice [ExceptionAdvice.java:32] org.springframework.aop.support.AopUtils.invokeJoinpointUsingReflection(AopUtils.java:343)
2023-04-14 20:58:08,392 ERROR [http-nio-8080-exec-7] c.n.c.a.ExceptionAdvice [ExceptionAdvice.java:32] org.springframework.aop.framework.ReflectiveMethodInvocation.invokeJoinpoint(ReflectiveMethodInvocation.java:198)
2023-04-14 20:58:08,393 ERROR [http-nio-8080-exec-7] c.n.c.a.ExceptionAdvice [ExceptionAdvice.java:32] org.springframework.aop.framework.ReflectiveMethodInvocation.proceed(ReflectiveMethodInvocation.java:163)
2023-04-14 20:58:08,393 ERROR [http-nio-8080-exec-7] c.n.c.a.ExceptionAdvice [ExceptionAdvice.java:32] org.springframework.dao.support.PersistenceExceptionTranslationInterceptor.invoke(PersistenceExceptionTranslationInterceptor.java:139)
2023-04-14 20:58:08,393 ERROR [http-nio-8080-exec-7] c.n.c.a.ExceptionAdvice [ExceptionAdvice.java:32] org.springframework.aop.framework.ReflectiveMethodInvocation.proceed(ReflectiveMethodInvocation.java:186)
2023-04-14 20:58:08,393 ERROR [http-nio-8080-exec-7] c.n.c.a.ExceptionAdvice [ExceptionAdvice.java:32] org.springframework.aop.framework.JdkDynamicAopProxy.invoke(JdkDynamicAopProxy.java:212)
2023-04-14 20:58:08,393 ERROR [http-nio-8080-exec-7] c.n.c.a.ExceptionAdvice [ExceptionAdvice.java:32] com.sun.proxy.$Proxy104.insertComment(Unknown Source)
2023-04-14 20:58:08,393 ERROR [http-nio-8080-exec-7] c.n.c.a.ExceptionAdvice [ExceptionAdvice.java:32] com.nowcoder.service.CommentService.addComment(CommentService.java:53)
2023-04-14 20:58:08,393 ERROR [http-nio-8080-exec-7] c.n.c.a.ExceptionAdvice [ExceptionAdvice.java:32] com.nowcoder.service.CommentService$$FastClassBySpringCGLIB$$bbfc1921.invoke(<generated>)
2023-04-14 20:58:08,393 ERROR [http-nio-8080-exec-7] c.n.c.a.ExceptionAdvice [ExceptionAdvice.java:32] org.springframework.cglib.proxy.MethodProxy.invoke(MethodProxy.java:218)
2023-04-14 20:58:08,394 ERROR [http-nio-8080-exec-7] c.n.c.a.ExceptionAdvice [ExceptionAdvice.java:32] org.springframework.aop.framework.CglibAopProxy$CglibMethodInvocation.invokeJoinpoint(CglibAopProxy.java:750)
2023-04-14 20:58:08,394 ERROR [http-nio-8080-exec-7] c.n.c.a.ExceptionAdvice [ExceptionAdvice.java:32] org.springframework.aop.framework.ReflectiveMethodInvocation.proceed(ReflectiveMethodInvocation.java:163)
2023-04-14 20:58:08,394 ERROR [http-nio-8080-exec-7] c.n.c.a.ExceptionAdvice [ExceptionAdvice.java:32] org.springframework.aop.framework.adapter.MethodBeforeAdviceInterceptor.invoke(MethodBeforeAdviceInterceptor.java:56)
2023-04-14 20:58:08,394 ERROR [http-nio-8080-exec-7] c.n.c.a.ExceptionAdvice [ExceptionAdvice.java:32] org.springframework.aop.framework.ReflectiveMethodInvocation.proceed(ReflectiveMethodInvocation.java:186)
2023-04-14 20:58:08,394 ERROR [http-nio-8080-exec-7] c.n.c.a.ExceptionAdvice [ExceptionAdvice.java:32] org.springframework.transaction.interceptor.TransactionAspectSupport.invokeWithinTransaction(TransactionAspectSupport.java:295)
2023-04-14 20:58:08,394 ERROR [http-nio-8080-exec-7] c.n.c.a.ExceptionAdvice [ExceptionAdvice.java:32] org.springframework.transaction.interceptor.TransactionInterceptor.invoke(TransactionInterceptor.java:98)
2023-04-14 20:58:08,394 ERROR [http-nio-8080-exec-7] c.n.c.a.ExceptionAdvice [ExceptionAdvice.java:32] org.springframework.aop.framework.ReflectiveMethodInvocation.proceed(ReflectiveMethodInvocation.java:186)
2023-04-14 20:58:08,394 ERROR [http-nio-8080-exec-7] c.n.c.a.ExceptionAdvice [ExceptionAdvice.java:32] org.springframework.aop.interceptor.ExposeInvocationInterceptor.invoke(ExposeInvocationInterceptor.java:93)
2023-04-14 20:58:08,394 ERROR [http-nio-8080-exec-7] c.n.c.a.ExceptionAdvice [ExceptionAdvice.java:32] org.springframework.aop.framework.ReflectiveMethodInvocation.proceed(ReflectiveMethodInvocation.java:186)
2023-04-14 20:58:08,394 ERROR [http-nio-8080-exec-7] c.n.c.a.ExceptionAdvice [ExceptionAdvice.java:32] org.springframework.aop.framework.CglibAopProxy$DynamicAdvisedInterceptor.intercept(CglibAopProxy.java:689)
2023-04-14 20:58:08,395 ERROR [http-nio-8080-exec-7] c.n.c.a.ExceptionAdvice [ExceptionAdvice.java:32] com.nowcoder.service.CommentService$$EnhancerBySpringCGLIB$$7910c318.addComment(<generated>)
2023-04-14 20:58:08,395 ERROR [http-nio-8080-exec-7] c.n.c.a.ExceptionAdvice [ExceptionAdvice.java:32] com.nowcoder.controller.CommentController.addComment(CommentController.java:52)
2023-04-14 20:58:08,395 ERROR [http-nio-8080-exec-7] c.n.c.a.ExceptionAdvice [ExceptionAdvice.java:32] sun.reflect.NativeMethodAccessorImpl.invoke0(Native Method)
2023-04-14 20:58:08,395 ERROR [http-nio-8080-exec-7] c.n.c.a.ExceptionAdvice [ExceptionAdvice.java:32] sun.reflect.NativeMethodAccessorImpl.invoke(NativeMethodAccessorImpl.java:62)
2023-04-14 20:58:08,395 ERROR [http-nio-8080-exec-7] c.n.c.a.ExceptionAdvice [ExceptionAdvice.java:32] sun.reflect.DelegatingMethodAccessorImpl.invoke(DelegatingMethodAccessorImpl.java:43)
2023-04-14 20:58:08,395 ERROR [http-nio-8080-exec-7] c.n.c.a.ExceptionAdvice [ExceptionAdvice.java:32] java.lang.reflect.Method.invoke(Method.java:498)
2023-04-14 20:58:08,395 ERROR [http-nio-8080-exec-7] c.n.c.a.ExceptionAdvice [ExceptionAdvice.java:32] org.springframework.web.method.support.InvocableHandlerMethod.doInvoke(InvocableHandlerMethod.java:190)
2023-04-14 20:58:08,395 ERROR [http-nio-8080-exec-7] c.n.c.a.ExceptionAdvice [ExceptionAdvice.java:32] org.springframework.web.method.support.InvocableHandlerMethod.invokeForRequest(InvocableHandlerMethod.java:138)
2023-04-14 20:58:08,395 ERROR [http-nio-8080-exec-7] c.n.c.a.ExceptionAdvice [ExceptionAdvice.java:32] org.springframework.web.servlet.mvc.method.annotation.ServletInvocableHandlerMethod.invokeAndHandle(ServletInvocableHandlerMethod.java:105)
2023-04-14 20:58:08,395 ERROR [http-nio-8080-exec-7] c.n.c.a.ExceptionAdvice [ExceptionAdvice.java:32] org.springframework.web.servlet.mvc.method.annotation.RequestMappingHandlerAdapter.invokeHandlerMethod(RequestMappingHandlerAdapter.java:893)
2023-04-14 20:58:08,396 ERROR [http-nio-8080-exec-7] c.n.c.a.ExceptionAdvice [ExceptionAdvice.java:32] org.springframework.web.servlet.mvc.method.annotation.RequestMappingHandlerAdapter.handleInternal(RequestMappingHandlerAdapter.java:798)
2023-04-14 20:58:08,396 ERROR [http-nio-8080-exec-7] c.n.c.a.ExceptionAdvice [ExceptionAdvice.java:32] org.springframework.web.servlet.mvc.method.AbstractHandlerMethodAdapter.handle(AbstractHandlerMethodAdapter.java:87)
2023-04-14 20:58:08,396 ERROR [http-nio-8080-exec-7] c.n.c.a.ExceptionAdvice [ExceptionAdvice.java:32] org.springframework.web.servlet.DispatcherServlet.doDispatch(DispatcherServlet.java:1040)
2023-04-14 20:58:08,396 ERROR [http-nio-8080-exec-7] c.n.c.a.ExceptionAdvice [ExceptionAdvice.java:32] org.springframework.web.servlet.DispatcherServlet.doService(DispatcherServlet.java:943)
2023-04-14 20:58:08,396 ERROR [http-nio-8080-exec-7] c.n.c.a.ExceptionAdvice [ExceptionAdvice.java:32] org.springframework.web.servlet.FrameworkServlet.processRequest(FrameworkServlet.java:1006)
2023-04-14 20:58:08,396 ERROR [http-nio-8080-exec-7] c.n.c.a.ExceptionAdvice [ExceptionAdvice.java:32] org.springframework.web.servlet.FrameworkServlet.doPost(FrameworkServlet.java:909)
2023-04-14 20:58:08,396 ERROR [http-nio-8080-exec-7] c.n.c.a.ExceptionAdvice [ExceptionAdvice.java:32] javax.servlet.http.HttpServlet.service(HttpServlet.java:660)
2023-04-14 20:58:08,396 ERROR [http-nio-8080-exec-7] c.n.c.a.ExceptionAdvice [ExceptionAdvice.java:32] org.springframework.web.servlet.FrameworkServlet.service(FrameworkServlet.java:883)
2023-04-14 20:58:08,396 ERROR [http-nio-8080-exec-7] c.n.c.a.ExceptionAdvice [ExceptionAdvice.java:32] javax.servlet.http.HttpServlet.service(HttpServlet.java:741)
2023-04-14 20:58:08,397 ERROR [http-nio-8080-exec-7] c.n.c.a.ExceptionAdvice [ExceptionAdvice.java:32] org.apache.catalina.core.ApplicationFilterChain.internalDoFilter(ApplicationFilterChain.java:231)
2023-04-14 20:58:08,397 ERROR [http-nio-8080-exec-7] c.n.c.a.ExceptionAdvice [ExceptionAdvice.java:32] org.apache.catalina.core.ApplicationFilterChain.doFilter(ApplicationFilterChain.java:166)
2023-04-14 20:58:08,397 ERROR [http-nio-8080-exec-7] c.n.c.a.ExceptionAdvice [ExceptionAdvice.java:32] org.apache.tomcat.websocket.server.WsFilter.doFilter(WsFilter.java:53)
2023-04-14 20:58:08,397 ERROR [http-nio-8080-exec-7] c.n.c.a.ExceptionAdvice [ExceptionAdvice.java:32] org.apache.catalina.core.ApplicationFilterChain.internalDoFilter(ApplicationFilterChain.java:193)
2023-04-14 20:58:08,397 ERROR [http-nio-8080-exec-7] c.n.c.a.ExceptionAdvice [ExceptionAdvice.java:32] org.apache.catalina.core.ApplicationFilterChain.doFilter(ApplicationFilterChain.java:166)
2023-04-14 20:58:08,397 ERROR [http-nio-8080-exec-7] c.n.c.a.ExceptionAdvice [ExceptionAdvice.java:32] org.springframework.security.web.FilterChainProxy$VirtualFilterChain.doFilter(FilterChainProxy.java:320)
2023-04-14 20:58:08,397 ERROR [http-nio-8080-exec-7] c.n.c.a.ExceptionAdvice [ExceptionAdvice.java:32] org.springframework.security.web.access.intercept.FilterSecurityInterceptor.invoke(FilterSecurityInterceptor.java:127)
2023-04-14 20:58:08,397 ERROR [http-nio-8080-exec-7] c.n.c.a.ExceptionAdvice [ExceptionAdvice.java:32] org.springframework.security.web.access.intercept.FilterSecurityInterceptor.doFilter(FilterSecurityInterceptor.java:91)
2023-04-14 20:58:08,397 ERROR [http-nio-8080-exec-7] c.n.c.a.ExceptionAdvice [ExceptionAdvice.java:32] org.springframework.security.web.FilterChainProxy$VirtualFilterChain.doFilter(FilterChainProxy.java:334)
2023-04-14 20:58:08,397 ERROR [http-nio-8080-exec-7] c.n.c.a.ExceptionAdvice [ExceptionAdvice.java:32] org.springframework.security.web.access.ExceptionTranslationFilter.doFilter(ExceptionTranslationFilter.java:119)
2023-04-14 20:58:08,398 ERROR [http-nio-8080-exec-7] c.n.c.a.ExceptionAdvice [ExceptionAdvice.java:32] org.springframework.security.web.FilterChainProxy$VirtualFilterChain.doFilter(FilterChainProxy.java:334)
2023-04-14 20:58:08,398 ERROR [http-nio-8080-exec-7] c.n.c.a.ExceptionAdvice [ExceptionAdvice.java:32] org.springframework.security.web.session.SessionManagementFilter.doFilter(SessionManagementFilter.java:137)
2023-04-14 20:58:08,398 ERROR [http-nio-8080-exec-7] c.n.c.a.ExceptionAdvice [ExceptionAdvice.java:32] org.springframework.security.web.FilterChainProxy$VirtualFilterChain.doFilter(FilterChainProxy.java:334)
2023-04-14 20:58:08,398 ERROR [http-nio-8080-exec-7] c.n.c.a.ExceptionAdvice [ExceptionAdvice.java:32] org.springframework.security.web.authentication.AnonymousAuthenticationFilter.doFilter(AnonymousAuthenticationFilter.java:111)
2023-04-14 20:58:08,398 ERROR [http-nio-8080-exec-7] c.n.c.a.ExceptionAdvice [ExceptionAdvice.java:32] org.springframework.security.web.FilterChainProxy$VirtualFilterChain.doFilter(FilterChainProxy.java:334)
2023-04-14 20:58:08,398 ERROR [http-nio-8080-exec-7] c.n.c.a.ExceptionAdvice [ExceptionAdvice.java:32] org.springframework.security.web.servletapi.SecurityContextHolderAwareRequestFilter.doFilter(SecurityContextHolderAwareRequestFilter.java:170)
2023-04-14 20:58:08,398 ERROR [http-nio-8080-exec-7] c.n.c.a.ExceptionAdvice [ExceptionAdvice.java:32] org.springframework.security.web.FilterChainProxy$VirtualFilterChain.doFilter(FilterChainProxy.java:334)
2023-04-14 20:58:08,398 ERROR [http-nio-8080-exec-7] c.n.c.a.ExceptionAdvice [ExceptionAdvice.java:32] org.springframework.security.web.savedrequest.RequestCacheAwareFilter.doFilter(RequestCacheAwareFilter.java:63)
2023-04-14 20:58:08,398 ERROR [http-nio-8080-exec-7] c.n.c.a.ExceptionAdvice [ExceptionAdvice.java:32] org.springframework.security.web.FilterChainProxy$VirtualFilterChain.doFilter(FilterChainProxy.java:334)
2023-04-14 20:58:08,399 ERROR [http-nio-8080-exec-7] c.n.c.a.ExceptionAdvice [ExceptionAdvice.java:32] org.springframework.security.web.authentication.logout.LogoutFilter.doFilter(LogoutFilter.java:116)
2023-04-14 20:58:08,399 ERROR [http-nio-8080-exec-7] c.n.c.a.ExceptionAdvice [ExceptionAdvice.java:32] org.springframework.security.web.FilterChainProxy$VirtualFilterChain.doFilter(FilterChainProxy.java:334)
2023-04-14 20:58:08,399 ERROR [http-nio-8080-exec-7] c.n.c.a.ExceptionAdvice [ExceptionAdvice.java:32] org.springframework.security.web.header.HeaderWriterFilter.doFilterInternal(HeaderWriterFilter.java:74)
2023-04-14 20:58:08,399 ERROR [http-nio-8080-exec-7] c.n.c.a.ExceptionAdvice [ExceptionAdvice.java:32] org.springframework.web.filter.OncePerRequestFilter.doFilter(OncePerRequestFilter.java:119)
2023-04-14 20:58:08,399 ERROR [http-nio-8080-exec-7] c.n.c.a.ExceptionAdvice [ExceptionAdvice.java:32] org.springframework.security.web.FilterChainProxy$VirtualFilterChain.doFilter(FilterChainProxy.java:334)
2023-04-14 20:58:08,399 ERROR [http-nio-8080-exec-7] c.n.c.a.ExceptionAdvice [ExceptionAdvice.java:32] org.springframework.security.web.context.SecurityContextPersistenceFilter.doFilter(SecurityContextPersistenceFilter.java:105)
2023-04-14 20:58:08,399 ERROR [http-nio-8080-exec-7] c.n.c.a.ExceptionAdvice [ExceptionAdvice.java:32] org.springframework.security.web.FilterChainProxy$VirtualFilterChain.doFilter(FilterChainProxy.java:334)
2023-04-14 20:58:08,399 ERROR [http-nio-8080-exec-7] c.n.c.a.ExceptionAdvice [ExceptionAdvice.java:32] org.springframework.security.web.context.request.async.WebAsyncManagerIntegrationFilter.doFilterInternal(WebAsyncManagerIntegrationFilter.java:56)
2023-04-14 20:58:08,399 ERROR [http-nio-8080-exec-7] c.n.c.a.ExceptionAdvice [ExceptionAdvice.java:32] org.springframework.web.filter.OncePerRequestFilter.doFilter(OncePerRequestFilter.java:119)
2023-04-14 20:58:08,399 ERROR [http-nio-8080-exec-7] c.n.c.a.ExceptionAdvice [ExceptionAdvice.java:32] org.springframework.security.web.FilterChainProxy$VirtualFilterChain.doFilter(FilterChainProxy.java:334)
2023-04-14 20:58:08,400 ERROR [http-nio-8080-exec-7] c.n.c.a.ExceptionAdvice [ExceptionAdvice.java:32] org.springframework.security.web.FilterChainProxy.doFilterInternal(FilterChainProxy.java:215)
2023-04-14 20:58:08,400 ERROR [http-nio-8080-exec-7] c.n.c.a.ExceptionAdvice [ExceptionAdvice.java:32] org.springframework.security.web.FilterChainProxy.doFilter(FilterChainProxy.java:178)
2023-04-14 20:58:08,400 ERROR [http-nio-8080-exec-7] c.n.c.a.ExceptionAdvice [ExceptionAdvice.java:32] org.springframework.web.filter.DelegatingFilterProxy.invokeDelegate(DelegatingFilterProxy.java:358)
2023-04-14 20:58:08,400 ERROR [http-nio-8080-exec-7] c.n.c.a.ExceptionAdvice [ExceptionAdvice.java:32] org.springframework.web.filter.DelegatingFilterProxy.doFilter(DelegatingFilterProxy.java:271)
2023-04-14 20:58:08,400 ERROR [http-nio-8080-exec-7] c.n.c.a.ExceptionAdvice [ExceptionAdvice.java:32] org.apache.catalina.core.ApplicationFilterChain.internalDoFilter(ApplicationFilterChain.java:193)
2023-04-14 20:58:08,400 ERROR [http-nio-8080-exec-7] c.n.c.a.ExceptionAdvice [ExceptionAdvice.java:32] org.apache.catalina.core.ApplicationFilterChain.doFilter(ApplicationFilterChain.java:166)
2023-04-14 20:58:08,400 ERROR [http-nio-8080-exec-7] c.n.c.a.ExceptionAdvice [ExceptionAdvice.java:32] org.springframework.web.filter.RequestContextFilter.doFilterInternal(RequestContextFilter.java:100)
2023-04-14 20:58:08,400 ERROR [http-nio-8080-exec-7] c.n.c.a.ExceptionAdvice [ExceptionAdvice.java:32] org.springframework.web.filter.OncePerRequestFilter.doFilter(OncePerRequestFilter.java:119)
2023-04-14 20:58:08,400 ERROR [http-nio-8080-exec-7] c.n.c.a.ExceptionAdvice [ExceptionAdvice.java:32] org.apache.catalina.core.ApplicationFilterChain.internalDoFilter(ApplicationFilterChain.java:193)
2023-04-14 20:58:08,400 ERROR [http-nio-8080-exec-7] c.n.c.a.ExceptionAdvice [ExceptionAdvice.java:32] org.apache.catalina.core.ApplicationFilterChain.doFilter(ApplicationFilterChain.java:166)
2023-04-14 20:58:08,401 ERROR [http-nio-8080-exec-7] c.n.c.a.ExceptionAdvice [ExceptionAdvice.java:32] org.springframework.web.filter.FormContentFilter.doFilterInternal(FormContentFilter.java:93)
2023-04-14 20:58:08,401 ERROR [http-nio-8080-exec-7] c.n.c.a.ExceptionAdvice [ExceptionAdvice.java:32] org.springframework.web.filter.OncePerRequestFilter.doFilter(OncePerRequestFilter.java:119)
2023-04-14 20:58:08,401 ERROR [http-nio-8080-exec-7] c.n.c.a.ExceptionAdvice [ExceptionAdvice.java:32] org.apache.catalina.core.ApplicationFilterChain.internalDoFilter(ApplicationFilterChain.java:193)
2023-04-14 20:58:08,401 ERROR [http-nio-8080-exec-7] c.n.c.a.ExceptionAdvice [ExceptionAdvice.java:32] org.apache.catalina.core.ApplicationFilterChain.doFilter(ApplicationFilterChain.java:166)
2023-04-14 20:58:08,401 ERROR [http-nio-8080-exec-7] c.n.c.a.ExceptionAdvice [ExceptionAdvice.java:32] org.springframework.web.filter.HiddenHttpMethodFilter.doFilterInternal(HiddenHttpMethodFilter.java:94)
2023-04-14 20:58:08,401 ERROR [http-nio-8080-exec-7] c.n.c.a.ExceptionAdvice [ExceptionAdvice.java:32] org.springframework.web.filter.OncePerRequestFilter.doFilter(OncePerRequestFilter.java:119)
2023-04-14 20:58:08,401 ERROR [http-nio-8080-exec-7] c.n.c.a.ExceptionAdvice [ExceptionAdvice.java:32] org.apache.catalina.core.ApplicationFilterChain.internalDoFilter(ApplicationFilterChain.java:193)
2023-04-14 20:58:08,402 ERROR [http-nio-8080-exec-7] c.n.c.a.ExceptionAdvice [ExceptionAdvice.java:32] org.apache.catalina.core.ApplicationFilterChain.doFilter(ApplicationFilterChain.java:166)
2023-04-14 20:58:08,402 ERROR [http-nio-8080-exec-7] c.n.c.a.ExceptionAdvice [ExceptionAdvice.java:32] org.springframework.web.filter.CharacterEncodingFilter.doFilterInternal(CharacterEncodingFilter.java:201)
2023-04-14 20:58:08,402 ERROR [http-nio-8080-exec-7] c.n.c.a.ExceptionAdvice [ExceptionAdvice.java:32] org.springframework.web.filter.OncePerRequestFilter.doFilter(OncePerRequestFilter.java:119)
2023-04-14 20:58:08,402 ERROR [http-nio-8080-exec-7] c.n.c.a.ExceptionAdvice [ExceptionAdvice.java:32] org.apache.catalina.core.ApplicationFilterChain.internalDoFilter(ApplicationFilterChain.java:193)
2023-04-14 20:58:08,402 ERROR [http-nio-8080-exec-7] c.n.c.a.ExceptionAdvice [ExceptionAdvice.java:32] org.apache.catalina.core.ApplicationFilterChain.doFilter(ApplicationFilterChain.java:166)
2023-04-14 20:58:08,402 ERROR [http-nio-8080-exec-7] c.n.c.a.ExceptionAdvice [ExceptionAdvice.java:32] org.apache.catalina.core.StandardWrapperValve.invoke(StandardWrapperValve.java:202)
2023-04-14 20:58:08,402 ERROR [http-nio-8080-exec-7] c.n.c.a.ExceptionAdvice [ExceptionAdvice.java:32] org.apache.catalina.core.StandardContextValve.invoke(StandardContextValve.java:96)
2023-04-14 20:58:08,402 ERROR [http-nio-8080-exec-7] c.n.c.a.ExceptionAdvice [ExceptionAdvice.java:32] org.apache.catalina.authenticator.AuthenticatorBase.invoke(AuthenticatorBase.java:541)
2023-04-14 20:58:08,402 ERROR [http-nio-8080-exec-7] c.n.c.a.ExceptionAdvice [ExceptionAdvice.java:32] org.apache.catalina.core.StandardHostValve.invoke(StandardHostValve.java:139)
2023-04-14 20:58:08,403 ERROR [http-nio-8080-exec-7] c.n.c.a.ExceptionAdvice [ExceptionAdvice.java:32] org.apache.catalina.valves.ErrorReportValve.invoke(ErrorReportValve.java:92)
2023-04-14 20:58:08,403 ERROR [http-nio-8080-exec-7] c.n.c.a.ExceptionAdvice [ExceptionAdvice.java:32] org.apache.catalina.core.StandardEngineValve.invoke(StandardEngineValve.java:74)
2023-04-14 20:58:08,403 ERROR [http-nio-8080-exec-7] c.n.c.a.ExceptionAdvice [ExceptionAdvice.java:32] org.apache.catalina.connector.CoyoteAdapter.service(CoyoteAdapter.java:343)
2023-04-14 20:58:08,403 ERROR [http-nio-8080-exec-7] c.n.c.a.ExceptionAdvice [ExceptionAdvice.java:32] org.apache.coyote.http11.Http11Processor.service(Http11Processor.java:367)
2023-04-14 20:58:08,403 ERROR [http-nio-8080-exec-7] c.n.c.a.ExceptionAdvice [ExceptionAdvice.java:32] org.apache.coyote.AbstractProcessorLight.process(AbstractProcessorLight.java:65)
2023-04-14 20:58:08,403 ERROR [http-nio-8080-exec-7] c.n.c.a.ExceptionAdvice [ExceptionAdvice.java:32] org.apache.coyote.AbstractProtocol$ConnectionHandler.process(AbstractProtocol.java:860)
2023-04-14 20:58:08,403 ERROR [http-nio-8080-exec-7] c.n.c.a.ExceptionAdvice [ExceptionAdvice.java:32] org.apache.tomcat.util.net.NioEndpoint$SocketProcessor.doRun(NioEndpoint.java:1598)
2023-04-14 20:58:08,403 ERROR [http-nio-8080-exec-7] c.n.c.a.ExceptionAdvice [ExceptionAdvice.java:32] org.apache.tomcat.util.net.SocketProcessorBase.run(SocketProcessorBase.java:49)
2023-04-14 20:58:08,403 ERROR [http-nio-8080-exec-7] c.n.c.a.ExceptionAdvice [ExceptionAdvice.java:32] java.util.concurrent.ThreadPoolExecutor.runWorker(ThreadPoolExecutor.java:1149)
2023-04-14 20:58:08,403 ERROR [http-nio-8080-exec-7] c.n.c.a.ExceptionAdvice [ExceptionAdvice.java:32] java.util.concurrent.ThreadPoolExecutor$Worker.run(ThreadPoolExecutor.java:624)
2023-04-14 20:58:08,404 ERROR [http-nio-8080-exec-7] c.n.c.a.ExceptionAdvice [ExceptionAdvice.java:32] org.apache.tomcat.util.threads.TaskThread$WrappingRunnable.run(TaskThread.java:61)
2023-04-14 20:58:08,404 ERROR [http-nio-8080-exec-7] c.n.c.a.ExceptionAdvice [ExceptionAdvice.java:32] java.lang.Thread.run(Thread.java:750)
